20230120	13:03:25	fccdbad6-f414-4b37-98dc-b5e82943bd83tError: Not allowed by CORS	GET	/	undefined
20230120	13:10:51	25e6331e-6efa-4183-b4ab-df8d1d9ae67ctError: Not allowed by CORS	GET	/	undefined
20230120	13:14:26	4ce04e12-34b2-4a8a-ad36-e2e98496ded5tError: Not allowed by CORS	OPTIONS	/	undefined
20230120	13:14:26	49b1d466-401a-4717-9c9f-3ccc5eab37c1tError: Not allowed by CORS	GET	/	undefined
20230120	13:27:30	698ab3f5-97d1-4e61-b1ae-85f5f8576a62tError: Not allowed by CORS	GET	/	undefined
20230120	13:28:09	d4b73f80-3081-4bb8-ae8b-842d867f6579tError: Not allowed by CORS	GET	/	undefined
20230120	13:29:59	926c8e44-af10-4e97-a3bc-fe4baddedcc6tError: Not allowed by CORS	GET	/	undefined
20230120	13:31:04	2c2909f7-8f35-4642-acfd-dd213518eef4tReferenceError: orgin is not defined	GET	/	undefined
20230120	13:31:06	f15612be-6b75-4a74-be7e-373004b5f25dtReferenceError: orgin is not defined	GET	/	undefined
20230120	13:31:19	dfeecf9c-2708-48c4-9607-d3122277caeetReferenceError: orgin is not defined	GET	/	undefined
20230120	13:31:20	3d055191-47df-453d-93e6-2d32d3f599f8tReferenceError: orgin is not defined	GET	/	undefined
20230120	13:31:20	65113f9f-09d5-4645-8ad7-fe9a6f7d75e8tReferenceError: orgin is not defined	GET	/	undefined
20230120	13:31:48	7b799e62-41a5-46ee-aaba-0eb5755145a2tReferenceError: orgin is not defined	GET	/	undefined
20230120	13:31:49	7c841ded-41ea-4c2d-a217-504d6f0ea298tReferenceError: orgin is not defined	GET	/	undefined
20230120	13:31:50	58be2f30-45f8-4cff-8981-cc1af0cb5176tReferenceError: orgin is not defined	GET	/	undefined
20230120	13:31:50	f7ff62cb-95d4-482c-84fc-2a428ac119dftReferenceError: orgin is not defined	GET	/	undefined
20230120	13:31:51	3e83a31e-4ebe-4bcc-9fab-96a3e7fb2d01tReferenceError: orgin is not defined	GET	/	undefined
20230120	13:31:51	557f6c63-3421-4a6a-a2a0-c0ce48db228dtReferenceError: orgin is not defined	GET	/	undefined
20230120	13:31:51	14d4aae1-2350-4ac5-968d-2187398f298etReferenceError: orgin is not defined	GET	/	undefined
20230120	13:35:02	e245ef8e-7432-4e6a-8e81-760dbf336e7btReferenceError: orgin is not defined	GET	/	undefined
20230120	13:51:37	a2dfee4b-1647-430b-be81-3ac31752fdf1tReferenceError: orgin is not defined	GET	/	undefined
20230120	14:46:20	7a2d3f04-f8f7-4c88-9029-9d4016ab1775tReferenceError: orgin is not defined	GET	/	undefined
20230120	14:47:02	3b048015-e852-47d5-812c-3aadf72568eatReferenceError: orgin is not defined	GET	/	undefined
20230123	14:35:40	fc0881fb-0e23-48dd-8eef-a1c388d8a294tReferenceError: orgin is not defined	GET	/	undefined
20230123	14:35:48	adb5cf4f-e266-4039-91e4-47195beb6ca1tReferenceError: orgin is not defined	GET	/	undefined
20230123	14:46:18	b899e2f5-f9c6-495e-b2c7-9ce73da9d557tReferenceError: orgin is not defined	GET	/	undefined
20230124	12:25:05	7dfed732-f4a5-487b-a2ce-72323bb5b788tValidationError: Note validation failed: text: Path `text` is required., title: Path `title` is required., user: Path `user` is required.	POST	/users	undefined
20230124	12:26:57	cf6a06c4-0586-4c0f-ab7e-0095b015076btValidationError: Note validation failed: text: Path `text` is required., title: Path `title` is required., user: Path `user` is required.	POST	/users	undefined
20230124	12:27:56	4236a2b4-de0c-434b-a1ed-09baf3625b43tValidationError: Note validation failed: text: Path `text` is required., title: Path `title` is required., user: Path `user` is required.	POST	/users	undefined
20230124	12:58:23	35b70e93-8539-4c6e-9b5d-7cb93acea6b7tValidationError: Note validation failed: text: Path `text` is required., title: Path `title` is required., user: Path `user` is required.	POST	/users	undefined
20230124	13:03:08	13dcde15-35fb-4f05-a819-f6353c1cde3etValidationError: Note validation failed: text: Path `text` is required., title: Path `title` is required., user: Path `user` is required.	POST	/users	undefined
20230124	13:07:46	247e8093-a251-4ca5-adc7-3cd5716590f0tValidationError: Note validation failed: text: Path `text` is required., title: Path `title` is required., user: Path `user` is required.	POST	/users	undefined
20230124	13:09:20	6083a078-6a02-4516-944c-0c008063426ftValidationError: Note validation failed: text: Path `text` is required., title: Path `title` is required., user: Path `user` is required.	POST	/users	undefined
20230124	13:26:22	5400773f-e281-424a-b3db-3c61c84742d0tValidationError: Note validation failed: text: Path `text` is required., title: Path `title` is required., user: Path `user` is required.	POST	/users	undefined
20230124	13:31:47	e0c772da-2ee3-473b-8e3c-9b25e7f6389atValidationError: Note validation failed: text: Path `text` is required., title: Path `title` is required., user: Path `user` is required.	POST	/users	undefined
20230124	13:31:51	48c392b6-806a-4151-b263-c83252dcd49etValidationError: Note validation failed: text: Path `text` is required., title: Path `title` is required., user: Path `user` is required.	POST	/users	undefined
20230124	14:08:50	91d4fa87-0cc7-4e71-8dc3-d31d1c3d324atSyntaxError: Unexpected token  in JSON at position 8	POST	/users	undefined
20230124	14:09:17	6fe77704-956d-49fd-9a1d-54eed52dcc9btSyntaxError: Unexpected token } in JSON at position 69	POST	/users	undefined
20230125	10:31:31	ce299431-9ebe-4a66-966b-e72d9c66e743tSyntaxError: Unexpected token ] in JSON at position 195	PATCH	/users	undefined
20230125	12:51:25	0a7f5abc-946b-4265-b2b0-8d83b51819fbtSyntaxError: Unexpected token } in JSON at position 108	POST	/notes	undefined
20230125	12:53:23	879befb7-ddb6-4655-9c91-7846a1147fb7tValidationError: Note validation failed: user: Cast to ObjectId failed for value "Test" (type string) at path "user" because of "BSONTypeError"	POST	/notes	undefined
20230125	12:53:45	130f8010-19e2-4880-b807-cac6b28aade1tValidationError: Note validation failed: user: Cast to ObjectId failed for value "Tex" (type string) at path "user" because of "BSONTypeError"	POST	/notes	undefined
20230125	12:55:00	35e335a0-9a33-4485-ac3c-aa78d00cf35ftValidationError: Note validation failed: user: Cast to ObjectId failed for value "Hank" (type string) at path "user" because of "BSONTypeError"	POST	/notes	undefined
20230125	12:55:27	b4af16b4-d385-4f11-a3eb-92bc593d96cbtTypeError: Cannot read properties of null (reading 'username')	GET	/notes	undefined
20230125	12:55:40	deb3c516-a103-42b8-8cb7-a1b8bf2452c2tTypeError: Cannot read properties of null (reading 'username')	GET	/notes	undefined
20230125	12:57:41	25e7b5fe-4e46-4498-8748-fe6e20f7e70etTypeError: Cannot read properties of null (reading 'username')	GET	/notes	undefined
20230125	12:59:37	fdee9e78-5c0d-4651-9dc4-c19f7a360c97tValidationError: Note validation failed: user: Cast to ObjectId failed for value "Justin" (type string) at path "user" because of "BSONTypeError"	POST	/notes	undefined
20230125	13:00:23	f873a401-66d4-41ad-a4cb-26268eb16b9atValidationError: Note validation failed: user: Cast to ObjectId failed for value "Justin" (type string) at path "user" because of "BSONTypeError"	POST	/notes	undefined
20230125	13:00:47	174bca2a-5f9e-4201-af11-3ad20eaf9f6atTypeError: Cannot read properties of null (reading 'username')	GET	/notes	undefined
20230125	13:00:57	6539df51-4eb6-4639-8c90-6a7698356b41tTypeError: Cannot read properties of null (reading 'username')	GET	/notes	undefined
20230125	13:02:24	e74d9c78-7e0c-4bdd-a0b4-4f246b18f1catTypeError: Cannot read properties of null (reading 'username')	GET	/notes	undefined
20230125	13:10:56	f7c46409-4ac7-468e-a65e-3a95ea88fccftTypeError: Cannot read properties of null (reading 'username')	GET	/notes	undefined
20230125	13:24:41	15c63f81-b95c-41e5-b715-e3f78c4693abtTypeError: Cannot read properties of null (reading 'username')	GET	/notes	undefined
20230125	13:25:00	85564a11-e361-409e-9880-f07d729af27atTypeError: Cannot read properties of null (reading 'username')	GET	/notes	undefined
20230125	13:25:22	252700cf-0ba3-4df2-b952-ca8342d6247atTypeError: Cannot read properties of null (reading 'username')	GET	/notes	undefined
20230125	13:28:13	ae599850-9939-4558-9191-d19402869557tTypeError: Cannot read properties of null (reading 'username')	GET	/notes	undefined
20230125	13:28:30	11d30dd5-3aa9-42f1-8130-326081a973e4tTypeError: Cannot read properties of null (reading 'username')	GET	/notes	undefined
20230125	13:36:02	3782c7b6-4536-4839-8b1c-2413f4e98a17tSyntaxError: Unexpected string in JSON at position 170	POST	/notes	undefined
20230125	13:39:48	17f822ed-c9bb-4aa0-8401-18b5b62bf4c5tValidationError: Note validation failed: user: Cast to ObjectId failed for value "Justin" (type string) at path "user" because of "BSONTypeError"	POST	/notes	undefined
20230125	13:40:16	5d1adc71-c249-45fb-ad7b-0ea7a5dbc9fftValidationError: Note validation failed: user: Cast to ObjectId failed for value "[ 'Justin' ]" (type Array) at path "user" because of "BSONTypeError"	POST	/notes	undefined
20230125	13:40:36	d563d500-999e-4a4d-8dbd-a9b63584cbf0tTypeError: Cannot read properties of null (reading 'username')	GET	/notes	undefined
20230125	13:40:40	69515bbb-93f2-4f87-8f52-6d6cf65624abtTypeError: Cannot read properties of null (reading 'username')	GET	/notes	undefined
20230125	13:49:09	0310b63c-2688-4d65-b7c7-435e51e67177tTypeError: Cannot read properties of null (reading 'username')	GET	/notes	undefined
20230125	13:56:24	6bf1c9ce-2a2b-4e70-ad08-bb3fd55a469btTypeError: Cannot read properties of null (reading 'username')	GET	/notes	undefined
20230125	13:57:54	a65a4de1-8fa6-482d-bb9e-40da1675140btValidationError: Note validation failed: user: Cast to ObjectId failed for value "_63d197b9e07a165aaa9a862c" (type string) at path "user" because of "BSONTypeError"	POST	/notes	undefined
20230125	13:58:05	e349de8c-4d7c-4b15-a990-b83997e7a5f9tTypeError: Cannot read properties of null (reading 'username')	GET	/notes	undefined
20230125	14:02:31	dcadcb27-7192-40bc-8013-882f19d60a2ftTypeError: Cannot read properties of null (reading 'username')	GET	/notes	undefined
20230125	14:03:40	4060f5a9-49e3-4253-ab86-bfc3705cd768tReferenceError: notesWithUser is not defined	GET	/notes	undefined
20230125	14:05:06	e9acb74b-22d7-426e-93c7-3bd7be0c5495tTypeError: Cannot read properties of null (reading 'username')	GET	/notes	undefined
20230125	14:05:28	ed7f0a6a-3d12-4029-9093-38bf925bd237tTypeError: Cannot read properties of null (reading 'username')	GET	/notes	undefined
20230125	14:05:43	ba83d555-f2a2-4fb5-9fb8-386cdc44324ctTypeError: Cannot read properties of null (reading 'username')	GET	/notes	undefined
20230125	14:09:28	3ea1e4c6-9d73-403e-b303-48414797d2f8tReferenceError: note is not defined	GET	/notes	undefined
20230125	14:09:43	ab8f2455-061f-4f01-ba4d-3fe655f36a67tTypeError: Cannot read properties of null (reading 'username')	GET	/notes	undefined
20230125	14:12:37	035edc89-cc8d-474a-87ee-24f1832a7370tTypeError: Cannot read properties of null (reading 'username')	GET	/notes	undefined
20230125	14:14:46	3ca5b889-21d0-458d-aabb-62127cd6c6e9tTypeError: Cannot read properties of null (reading 'username')	GET	/notes	undefined
20230125	14:16:11	5c7b7df9-229c-4c84-adee-a087ec302826tTypeError: Cannot read properties of null (reading 'username')	GET	/notes	undefined
20230126	09:58:02	5bc9f4a9-53b3-4db0-8523-d6a821f893a0tTypeError: Cannot read properties of null (reading 'username')	GET	/notes	undefined
20230126	09:59:05	562e2648-89f0-4ee0-a02a-1f56eafa779dtTypeError: Cannot read properties of null (reading 'username')	GET	/notes	undefined
20230126	09:59:14	b10af3cc-f065-48b1-bae3-52a8becc2132tTypeError: Cannot read properties of null (reading 'username')	GET	/notes	undefined
20230126	09:59:44	d20a1624-a053-43e8-addf-ca286e7d8fbctTypeError: Cannot read properties of null (reading 'username')	GET	/notes	undefined
20230201	11:15:44	419cedd3-25aa-4bf5-ae63-c9d8374056d1tSyntaxError: Unexpected end of JSON input	GET	/user	undefined
20230201	11:15:57	aff24b35-bbc8-487d-9917-a012a18c0988tSyntaxError: Unexpected end of JSON input	GET	/users	undefined
20230201	11:16:40	4e16709f-2501-4982-a685-8ea16855b929tSyntaxError: Unexpected end of JSON input	GET	/user	undefined
20230201	11:16:58	28d082cd-a02a-40d3-b5f8-65565ecf7b58tSyntaxError: Unexpected end of JSON input	GET	/users	undefined
20230201	11:18:18	5f1494d9-d9bf-4750-af7e-99468edc48d3tSyntaxError: Unexpected end of JSON input	GET	/users	undefined
20230201	11:26:32	d5ca8ff5-15c9-4312-8b3b-e84d70021a9btTypeError: Cannot read properties of null (reading 'username')	GET	/notes	undefined
20230201	11:38:01	a55e5116-e7ac-4054-a8aa-c0508e519382tTypeError: Cannot read properties of null (reading 'username')	GET	/notes	undefined
20230201	11:57:48	9201285a-4a34-4cb3-a93c-930913165192tTypeError: Cannot read properties of null (reading 'username')	GET	/notes	undefined
20230201	11:58:47	7d591288-6aaa-4e8d-89ed-f72b839dbdf2tSyntaxError: Unexpected token } in JSON at position 59	GET	/notes	undefined
20230201	11:58:53	314365a3-8e35-4c3e-a298-57c186dfcc34tTypeError: Cannot read properties of null (reading 'username')	GET	/notes	undefined
20230201	11:59:08	cc07ba19-e52b-45e2-a81a-ecf2cdafd0actTypeError: Cannot read properties of null (reading 'username')	GET	/notes	undefined
20230201	11:59:12	844de5b3-0754-4309-8698-7061c8f64f0atTypeError: Cannot read properties of null (reading 'username')	GET	/notes	undefined
20230201	12:03:24	6e2f3c3d-e862-42eb-a0e9-a630d99f4327tTypeError: Cannot read properties of null (reading 'username')	GET	/notes	undefined
20230201	12:05:09	f079ad5a-0426-4157-917b-6e35ed0068f8tTypeError: Cannot read properties of null (reading 'username')	GET	/notes	undefined
20230201	12:14:59	a16ab470-1bc9-4dde-ba5c-51d2d8980687tTypeError: Cannot read properties of null (reading 'username')	GET	/notes	undefined
20230201	12:22:46	b4679f0d-760f-426e-9022-4270e63116e4tTypeError: Cannot read properties of null (reading 'username')	GET	/notes	undefined
20230201	12:23:14	d9d8ef5a-3bf2-49b9-af83-54c398dae565tTypeError: Cannot read properties of null (reading 'username')	GET	/notes	undefined
20230201	12:40:29	9b20d868-bdcd-49c5-8b3d-65aad85cb87atTypeError: Cannot read properties of null (reading 'username')	GET	/notes	undefined
20230201	12:42:15	2f741a76-305b-497c-be96-fae55cc3d4eetReferenceError: id is not defined	GET	/notes	undefined
20230201	12:42:37	aae03d93-1781-40b4-9efb-73596d3b9c8dtReferenceError: username is not defined	GET	/notes	undefined
20230201	12:49:01	c72243ab-420e-403f-b260-012bd83d19d1tTypeError: Cannot read properties of null (reading 'username')	GET	/notes	undefined
20230201	13:23:22	750375db-669a-4f74-84ad-d9dafce3634dtTypeError: Cannot read properties of null (reading '_id')	GET	/notes	undefined
20230201	13:23:43	2d2e4a37-8749-41d6-8182-b050a017db96tTypeError: Cannot read properties of null (reading 'User')	GET	/notes	undefined
20230201	13:24:26	c3d53d89-64d9-41f3-bec9-39fc4e5e4040tTypeError: Cannot read properties of null (reading 'User')	GET	/notes	undefined
20230201	13:25:43	3123f22f-eb66-492d-a842-01bee93115cftReferenceError: _id is not defined	GET	/notes	undefined
20230201	13:26:18	3e1dd636-5f22-4ad7-9495-092ac1da0c6ftReferenceError: username is not defined	GET	/notes	undefined
20230201	13:26:30	b20b855c-8a55-41b8-869a-e50296c51db0tReferenceError: username is not defined	GET	/notes	undefined
20230201	13:27:16	cbe50bd2-f404-4954-88fa-7b9447264ecctReferenceError: username is not defined	GET	/notes	undefined
20230201	13:28:36	f8e3d321-a106-4928-bb10-3fc50213070ctTypeError: Cannot read properties of null (reading 'username')	GET	/notes	undefined
20230201	13:36:27	9b408288-6705-43fa-ba48-8b0afd61785etTypeError: Cannot read properties of null (reading 'username')	GET	/notes	undefined
20230201	13:39:17	ba57c4a8-d12c-4c7f-b719-f621857e55d0tReferenceError: username is not defined	GET	/notes	undefined
20230201	13:54:02	f0e25085-94e1-4a20-a6e6-4659985e9244tSyntaxError: Unexpected string in JSON at position 84	POST	/notes	undefined
20230217	15:08:49	2b26033f-3e8d-45d5-877e-c681ba128e3atSyntaxError: Unexpected token } in JSON at position 77	GET	/user	undefined
20230223	17:50:25	ebda71fd-a379-4a6d-a391-8df4f04766bftMongooseServerSelectionError: Could not connect to any servers in your MongoDB Atlas cluster. One common reason is that you're trying to access the database from an IP that isn't whitelisted. Make sure your current IP address is on your Atlas cluster's IP whitelist: https://docs.atlas.mongodb.com/security-whitelist/	GET	/users	undefined
20230223	17:51:59	b2167702-08a0-43f6-8d8c-6440fa8f0f55tMongooseServerSelectionError: Could not connect to any servers in your MongoDB Atlas cluster. One common reason is that you're trying to access the database from an IP that isn't whitelisted. Make sure your current IP address is on your Atlas cluster's IP whitelist: https://docs.atlas.mongodb.com/security-whitelist/	GET	/users	undefined
20230223	17:53:29	3dac592b-6a3a-4345-9300-16788625584etMongooseServerSelectionError: Could not connect to any servers in your MongoDB Atlas cluster. One common reason is that you're trying to access the database from an IP that isn't whitelisted. Make sure your current IP address is on your Atlas cluster's IP whitelist: https://docs.atlas.mongodb.com/security-whitelist/	GET	/users	undefined
20230223	17:54:59	d74af589-9680-4b5b-9bf0-79062e1af58ctMongooseServerSelectionError: Could not connect to any servers in your MongoDB Atlas cluster. One common reason is that you're trying to access the database from an IP that isn't whitelisted. Make sure your current IP address is on your Atlas cluster's IP whitelist: https://docs.atlas.mongodb.com/security-whitelist/	GET	/users	undefined
20230223	17:56:29	7e6c16c4-5023-4b6e-b32d-d63029eccc9atMongooseServerSelectionError: Could not connect to any servers in your MongoDB Atlas cluster. One common reason is that you're trying to access the database from an IP that isn't whitelisted. Make sure your current IP address is on your Atlas cluster's IP whitelist: https://docs.atlas.mongodb.com/security-whitelist/	GET	/users	undefined
20230223	17:57:59	b31c7184-0e2a-477f-ac9e-ffea7623daa3tMongooseServerSelectionError: Could not connect to any servers in your MongoDB Atlas cluster. One common reason is that you're trying to access the database from an IP that isn't whitelisted. Make sure your current IP address is on your Atlas cluster's IP whitelist: https://docs.atlas.mongodb.com/security-whitelist/	GET	/users	undefined
20230223	17:59:29	1c95e515-dfe6-41a7-aa2a-6eb5d0fb5de1tMongooseServerSelectionError: Could not connect to any servers in your MongoDB Atlas cluster. One common reason is that you're trying to access the database from an IP that isn't whitelisted. Make sure your current IP address is on your Atlas cluster's IP whitelist: https://docs.atlas.mongodb.com/security-whitelist/	GET	/users	undefined
20230223	18:00:59	db7b0213-a7af-409e-b17f-88a0f232b946tMongooseServerSelectionError: Could not connect to any servers in your MongoDB Atlas cluster. One common reason is that you're trying to access the database from an IP that isn't whitelisted. Make sure your current IP address is on your Atlas cluster's IP whitelist: https://docs.atlas.mongodb.com/security-whitelist/	GET	/users	undefined
20230223	18:02:29	f1973a03-331d-416d-a879-270c623af73btMongooseServerSelectionError: Could not connect to any servers in your MongoDB Atlas cluster. One common reason is that you're trying to access the database from an IP that isn't whitelisted. Make sure your current IP address is on your Atlas cluster's IP whitelist: https://docs.atlas.mongodb.com/security-whitelist/	GET	/users	undefined
20230223	18:03:59	436335b1-9699-4105-912f-d589c3bfb515tMongooseServerSelectionError: Could not connect to any servers in your MongoDB Atlas cluster. One common reason is that you're trying to access the database from an IP that isn't whitelisted. Make sure your current IP address is on your Atlas cluster's IP whitelist: https://docs.atlas.mongodb.com/security-whitelist/	GET	/users	undefined
20230223	18:05:29	93bce956-7a20-44e9-985c-b2fc2171e9aftMongooseServerSelectionError: Could not connect to any servers in your MongoDB Atlas cluster. One common reason is that you're trying to access the database from an IP that isn't whitelisted. Make sure your current IP address is on your Atlas cluster's IP whitelist: https://docs.atlas.mongodb.com/security-whitelist/	GET	/users	undefined
20230223	18:06:59	f3b33b97-4750-40b3-8ab8-f637d4108bb4tMongooseServerSelectionError: Could not connect to any servers in your MongoDB Atlas cluster. One common reason is that you're trying to access the database from an IP that isn't whitelisted. Make sure your current IP address is on your Atlas cluster's IP whitelist: https://docs.atlas.mongodb.com/security-whitelist/	GET	/users	undefined
20230223	18:08:29	d7042fa7-e542-4bdc-a98c-48fd46877d5ctMongooseServerSelectionError: Could not connect to any servers in your MongoDB Atlas cluster. One common reason is that you're trying to access the database from an IP that isn't whitelisted. Make sure your current IP address is on your Atlas cluster's IP whitelist: https://docs.atlas.mongodb.com/security-whitelist/	GET	/users	undefined
20230223	18:09:59	ea6d1a9c-ac6e-4308-9567-977489680c77tMongooseServerSelectionError: Could not connect to any servers in your MongoDB Atlas cluster. One common reason is that you're trying to access the database from an IP that isn't whitelisted. Make sure your current IP address is on your Atlas cluster's IP whitelist: https://docs.atlas.mongodb.com/security-whitelist/	GET	/users	undefined
20230223	18:11:29	383ed77a-1a8a-4b5f-8861-ad4253bf2dfetMongooseServerSelectionError: Could not connect to any servers in your MongoDB Atlas cluster. One common reason is that you're trying to access the database from an IP that isn't whitelisted. Make sure your current IP address is on your Atlas cluster's IP whitelist: https://docs.atlas.mongodb.com/security-whitelist/	GET	/users	undefined
20230223	18:12:59	38054890-ebb1-4e44-abca-0ea8758bfa8etMongooseServerSelectionError: Could not connect to any servers in your MongoDB Atlas cluster. One common reason is that you're trying to access the database from an IP that isn't whitelisted. Make sure your current IP address is on your Atlas cluster's IP whitelist: https://docs.atlas.mongodb.com/security-whitelist/	GET	/users	undefined
20230223	18:14:29	332421b1-8c17-4f44-bb41-c1de6324d1actMongooseServerSelectionError: Could not connect to any servers in your MongoDB Atlas cluster. One common reason is that you're trying to access the database from an IP that isn't whitelisted. Make sure your current IP address is on your Atlas cluster's IP whitelist: https://docs.atlas.mongodb.com/security-whitelist/	GET	/users	undefined
20230223	18:16:00	b49daec0-aaff-4332-a68a-729cd4c9d594tMongooseServerSelectionError: Could not connect to any servers in your MongoDB Atlas cluster. One common reason is that you're trying to access the database from an IP that isn't whitelisted. Make sure your current IP address is on your Atlas cluster's IP whitelist: https://docs.atlas.mongodb.com/security-whitelist/	GET	/users	undefined
20230223	18:17:30	bcf9783e-9eb9-4fce-b9b6-ce0fa1cda7a5tMongooseServerSelectionError: Could not connect to any servers in your MongoDB Atlas cluster. One common reason is that you're trying to access the database from an IP that isn't whitelisted. Make sure your current IP address is on your Atlas cluster's IP whitelist: https://docs.atlas.mongodb.com/security-whitelist/	GET	/users	undefined
20230223	18:19:00	d42b4d25-7be4-4c2d-8a54-79cdc4351af3tMongooseServerSelectionError: Could not connect to any servers in your MongoDB Atlas cluster. One common reason is that you're trying to access the database from an IP that isn't whitelisted. Make sure your current IP address is on your Atlas cluster's IP whitelist: https://docs.atlas.mongodb.com/security-whitelist/	GET	/users	undefined
20230223	18:20:30	f6b3e259-6199-4683-8af3-0132a6e706f6tMongooseServerSelectionError: Could not connect to any servers in your MongoDB Atlas cluster. One common reason is that you're trying to access the database from an IP that isn't whitelisted. Make sure your current IP address is on your Atlas cluster's IP whitelist: https://docs.atlas.mongodb.com/security-whitelist/	GET	/users	undefined
20230223	18:22:00	c6ae5fa3-40c3-4f1b-bf99-69163ed82d40tMongooseServerSelectionError: Could not connect to any servers in your MongoDB Atlas cluster. One common reason is that you're trying to access the database from an IP that isn't whitelisted. Make sure your current IP address is on your Atlas cluster's IP whitelist: https://docs.atlas.mongodb.com/security-whitelist/	GET	/users	undefined
20230223	18:23:30	45d3f546-4fd5-4aaf-8f6b-90b8058384aatMongooseServerSelectionError: Could not connect to any servers in your MongoDB Atlas cluster. One common reason is that you're trying to access the database from an IP that isn't whitelisted. Make sure your current IP address is on your Atlas cluster's IP whitelist: https://docs.atlas.mongodb.com/security-whitelist/	GET	/users	undefined
20230223	18:25:00	c3db17e0-491e-4beb-897d-ca14d99d3d26tMongooseServerSelectionError: Could not connect to any servers in your MongoDB Atlas cluster. One common reason is that you're trying to access the database from an IP that isn't whitelisted. Make sure your current IP address is on your Atlas cluster's IP whitelist: https://docs.atlas.mongodb.com/security-whitelist/	GET	/users	undefined
20230223	18:26:30	59c28ecc-373a-48de-b114-5227f6e8f05atMongooseServerSelectionError: Could not connect to any servers in your MongoDB Atlas cluster. One common reason is that you're trying to access the database from an IP that isn't whitelisted. Make sure your current IP address is on your Atlas cluster's IP whitelist: https://docs.atlas.mongodb.com/security-whitelist/	GET	/users	undefined
20230223	18:28:00	7293b14f-2e27-4b71-9f14-583636f18862tMongooseServerSelectionError: Could not connect to any servers in your MongoDB Atlas cluster. One common reason is that you're trying to access the database from an IP that isn't whitelisted. Make sure your current IP address is on your Atlas cluster's IP whitelist: https://docs.atlas.mongodb.com/security-whitelist/	GET	/users	undefined
20230223	18:29:30	dce3b477-f910-4e3e-aafc-a92f4b899df4tMongooseServerSelectionError: Could not connect to any servers in your MongoDB Atlas cluster. One common reason is that you're trying to access the database from an IP that isn't whitelisted. Make sure your current IP address is on your Atlas cluster's IP whitelist: https://docs.atlas.mongodb.com/security-whitelist/	GET	/users	undefined
20230223	18:31:00	997882cd-7469-4b1f-bfa2-f13669a52f04tMongooseServerSelectionError: Could not connect to any servers in your MongoDB Atlas cluster. One common reason is that you're trying to access the database from an IP that isn't whitelisted. Make sure your current IP address is on your Atlas cluster's IP whitelist: https://docs.atlas.mongodb.com/security-whitelist/	GET	/users	undefined
20230223	18:32:30	ad7af589-cd7d-4828-ad1e-73127b2b7c4dtMongooseServerSelectionError: Could not connect to any servers in your MongoDB Atlas cluster. One common reason is that you're trying to access the database from an IP that isn't whitelisted. Make sure your current IP address is on your Atlas cluster's IP whitelist: https://docs.atlas.mongodb.com/security-whitelist/	GET	/users	undefined
20230223	18:34:00	f757ff6a-6908-4f23-9f40-01716b6410c7tMongooseServerSelectionError: Could not connect to any servers in your MongoDB Atlas cluster. One common reason is that you're trying to access the database from an IP that isn't whitelisted. Make sure your current IP address is on your Atlas cluster's IP whitelist: https://docs.atlas.mongodb.com/security-whitelist/	GET	/users	undefined
20230223	18:35:30	e6b7aa9c-b3a2-493d-8575-0b57e1e4b1b4tMongooseServerSelectionError: Could not connect to any servers in your MongoDB Atlas cluster. One common reason is that you're trying to access the database from an IP that isn't whitelisted. Make sure your current IP address is on your Atlas cluster's IP whitelist: https://docs.atlas.mongodb.com/security-whitelist/	GET	/users	undefined
20230223	18:37:00	80feec7c-7552-4731-8d05-a9285adb349etMongooseServerSelectionError: Could not connect to any servers in your MongoDB Atlas cluster. One common reason is that you're trying to access the database from an IP that isn't whitelisted. Make sure your current IP address is on your Atlas cluster's IP whitelist: https://docs.atlas.mongodb.com/security-whitelist/	GET	/users	undefined
20230223	18:38:30	e4050d07-3f00-498f-b0a1-bb7775988ec2tMongooseServerSelectionError: Could not connect to any servers in your MongoDB Atlas cluster. One common reason is that you're trying to access the database from an IP that isn't whitelisted. Make sure your current IP address is on your Atlas cluster's IP whitelist: https://docs.atlas.mongodb.com/security-whitelist/	GET	/users	undefined
20230223	18:40:00	5d8f2f7c-2b89-4705-918c-77afe4b531fftMongooseServerSelectionError: Could not connect to any servers in your MongoDB Atlas cluster. One common reason is that you're trying to access the database from an IP that isn't whitelisted. Make sure your current IP address is on your Atlas cluster's IP whitelist: https://docs.atlas.mongodb.com/security-whitelist/	GET	/users	undefined
20230223	18:41:30	2924d48e-b3bf-45c4-85c3-96e0e0d6a2c5tMongooseServerSelectionError: Could not connect to any servers in your MongoDB Atlas cluster. One common reason is that you're trying to access the database from an IP that isn't whitelisted. Make sure your current IP address is on your Atlas cluster's IP whitelist: https://docs.atlas.mongodb.com/security-whitelist/	GET	/users	undefined
20230223	18:43:00	0bfedfbd-4d7c-49af-9604-8315131e94c6tMongooseServerSelectionError: Could not connect to any servers in your MongoDB Atlas cluster. One common reason is that you're trying to access the database from an IP that isn't whitelisted. Make sure your current IP address is on your Atlas cluster's IP whitelist: https://docs.atlas.mongodb.com/security-whitelist/	GET	/users	undefined
20230223	18:44:30	d069cfae-c7ab-439d-bd54-721f93ad18f1tMongooseServerSelectionError: Could not connect to any servers in your MongoDB Atlas cluster. One common reason is that you're trying to access the database from an IP that isn't whitelisted. Make sure your current IP address is on your Atlas cluster's IP whitelist: https://docs.atlas.mongodb.com/security-whitelist/	GET	/users	undefined
20230223	18:46:00	1f4fdfbc-92ef-4371-885b-7e6dec04441atMongooseServerSelectionError: Could not connect to any servers in your MongoDB Atlas cluster. One common reason is that you're trying to access the database from an IP that isn't whitelisted. Make sure your current IP address is on your Atlas cluster's IP whitelist: https://docs.atlas.mongodb.com/security-whitelist/	GET	/users	undefined
20230223	18:47:30	b9c7ebfd-4d35-4793-9b63-6c87afd785e0tMongooseServerSelectionError: Could not connect to any servers in your MongoDB Atlas cluster. One common reason is that you're trying to access the database from an IP that isn't whitelisted. Make sure your current IP address is on your Atlas cluster's IP whitelist: https://docs.atlas.mongodb.com/security-whitelist/	GET	/users	undefined
20230223	18:49:00	af869cf2-d57e-4de0-84f0-aed15a62066etMongooseServerSelectionError: Could not connect to any servers in your MongoDB Atlas cluster. One common reason is that you're trying to access the database from an IP that isn't whitelisted. Make sure your current IP address is on your Atlas cluster's IP whitelist: https://docs.atlas.mongodb.com/security-whitelist/	GET	/users	undefined
20230223	18:50:30	2e322b88-6709-45f4-8b5a-5556c77cfa46tMongooseServerSelectionError: Could not connect to any servers in your MongoDB Atlas cluster. One common reason is that you're trying to access the database from an IP that isn't whitelisted. Make sure your current IP address is on your Atlas cluster's IP whitelist: https://docs.atlas.mongodb.com/security-whitelist/	GET	/users	undefined
20230223	18:52:00	ef6026b9-876e-4d26-b9b3-02eb54dbe5fftMongooseServerSelectionError: Could not connect to any servers in your MongoDB Atlas cluster. One common reason is that you're trying to access the database from an IP that isn't whitelisted. Make sure your current IP address is on your Atlas cluster's IP whitelist: https://docs.atlas.mongodb.com/security-whitelist/	GET	/users	undefined
20230223	18:53:30	3c0c02de-70d3-4a60-ab3b-7f9ead9dcd85tMongooseServerSelectionError: Could not connect to any servers in your MongoDB Atlas cluster. One common reason is that you're trying to access the database from an IP that isn't whitelisted. Make sure your current IP address is on your Atlas cluster's IP whitelist: https://docs.atlas.mongodb.com/security-whitelist/	GET	/users	undefined
20230223	18:55:00	1a1724c8-4fa4-4fac-b919-7347a80580ddtMongooseServerSelectionError: Could not connect to any servers in your MongoDB Atlas cluster. One common reason is that you're trying to access the database from an IP that isn't whitelisted. Make sure your current IP address is on your Atlas cluster's IP whitelist: https://docs.atlas.mongodb.com/security-whitelist/	GET	/users	undefined
20230223	18:56:30	b8078ee4-e20b-4fd4-96ef-17180dcd0390tMongooseServerSelectionError: Could not connect to any servers in your MongoDB Atlas cluster. One common reason is that you're trying to access the database from an IP that isn't whitelisted. Make sure your current IP address is on your Atlas cluster's IP whitelist: https://docs.atlas.mongodb.com/security-whitelist/	GET	/users	undefined
20230223	18:58:00	f4813f53-fe32-4b51-b428-020fac03f22ctMongooseServerSelectionError: Could not connect to any servers in your MongoDB Atlas cluster. One common reason is that you're trying to access the database from an IP that isn't whitelisted. Make sure your current IP address is on your Atlas cluster's IP whitelist: https://docs.atlas.mongodb.com/security-whitelist/	GET	/users	undefined
20230223	18:59:30	522ee8f0-a7c3-4bc9-bec1-a55fd3fe42c1tMongooseServerSelectionError: Could not connect to any servers in your MongoDB Atlas cluster. One common reason is that you're trying to access the database from an IP that isn't whitelisted. Make sure your current IP address is on your Atlas cluster's IP whitelist: https://docs.atlas.mongodb.com/security-whitelist/	GET	/users	undefined
20230223	19:01:00	6068b384-ac9f-4a87-9910-2d9bf78a2651tMongooseServerSelectionError: Could not connect to any servers in your MongoDB Atlas cluster. One common reason is that you're trying to access the database from an IP that isn't whitelisted. Make sure your current IP address is on your Atlas cluster's IP whitelist: https://docs.atlas.mongodb.com/security-whitelist/	GET	/users	undefined
20230223	19:02:30	4bc693a4-5254-474e-92e5-b56ea36017c7tMongooseServerSelectionError: Could not connect to any servers in your MongoDB Atlas cluster. One common reason is that you're trying to access the database from an IP that isn't whitelisted. Make sure your current IP address is on your Atlas cluster's IP whitelist: https://docs.atlas.mongodb.com/security-whitelist/	GET	/users	undefined
20230223	19:04:00	dda60112-ebfb-41af-9e8e-9e55c7c1d6bctMongooseServerSelectionError: Could not connect to any servers in your MongoDB Atlas cluster. One common reason is that you're trying to access the database from an IP that isn't whitelisted. Make sure your current IP address is on your Atlas cluster's IP whitelist: https://docs.atlas.mongodb.com/security-whitelist/	GET	/users	undefined
20230223	19:05:30	b766bf50-9eac-42d3-aa4e-62f0b72fe9f1tMongooseServerSelectionError: Could not connect to any servers in your MongoDB Atlas cluster. One common reason is that you're trying to access the database from an IP that isn't whitelisted. Make sure your current IP address is on your Atlas cluster's IP whitelist: https://docs.atlas.mongodb.com/security-whitelist/	GET	/users	undefined
20230223	19:07:00	2059e6fb-d141-4f37-9104-2536a19c12aftMongooseServerSelectionError: Could not connect to any servers in your MongoDB Atlas cluster. One common reason is that you're trying to access the database from an IP that isn't whitelisted. Make sure your current IP address is on your Atlas cluster's IP whitelist: https://docs.atlas.mongodb.com/security-whitelist/	GET	/users	undefined
20230223	19:08:30	c1a28c7b-f185-4305-a42a-7f6b4cb3b799tMongooseServerSelectionError: Could not connect to any servers in your MongoDB Atlas cluster. One common reason is that you're trying to access the database from an IP that isn't whitelisted. Make sure your current IP address is on your Atlas cluster's IP whitelist: https://docs.atlas.mongodb.com/security-whitelist/	GET	/users	undefined
20230223	19:10:00	36ccbe74-c767-4857-a7f5-24a60bb90611tMongooseServerSelectionError: Could not connect to any servers in your MongoDB Atlas cluster. One common reason is that you're trying to access the database from an IP that isn't whitelisted. Make sure your current IP address is on your Atlas cluster's IP whitelist: https://docs.atlas.mongodb.com/security-whitelist/	GET	/users	undefined
20230223	19:11:30	1c6d8cf0-d3ff-4a5d-b6bf-b2b0a19b9b90tMongooseServerSelectionError: Could not connect to any servers in your MongoDB Atlas cluster. One common reason is that you're trying to access the database from an IP that isn't whitelisted. Make sure your current IP address is on your Atlas cluster's IP whitelist: https://docs.atlas.mongodb.com/security-whitelist/	GET	/users	undefined
20230223	19:13:00	c79605fc-48c4-43fc-9fdb-fa7c43c87e7ctMongooseServerSelectionError: Could not connect to any servers in your MongoDB Atlas cluster. One common reason is that you're trying to access the database from an IP that isn't whitelisted. Make sure your current IP address is on your Atlas cluster's IP whitelist: https://docs.atlas.mongodb.com/security-whitelist/	GET	/users	undefined
20230223	19:14:30	11fb6ec1-240d-42c4-aebc-4e1945767be9tMongooseServerSelectionError: Could not connect to any servers in your MongoDB Atlas cluster. One common reason is that you're trying to access the database from an IP that isn't whitelisted. Make sure your current IP address is on your Atlas cluster's IP whitelist: https://docs.atlas.mongodb.com/security-whitelist/	GET	/users	undefined
20230223	19:16:01	964d78d5-f4c9-4a6d-800f-c93da9e5f165tMongooseServerSelectionError: Could not connect to any servers in your MongoDB Atlas cluster. One common reason is that you're trying to access the database from an IP that isn't whitelisted. Make sure your current IP address is on your Atlas cluster's IP whitelist: https://docs.atlas.mongodb.com/security-whitelist/	GET	/users	undefined
20230223	19:17:31	7177b192-182c-4a5f-b795-5787d404eb68tMongooseServerSelectionError: Could not connect to any servers in your MongoDB Atlas cluster. One common reason is that you're trying to access the database from an IP that isn't whitelisted. Make sure your current IP address is on your Atlas cluster's IP whitelist: https://docs.atlas.mongodb.com/security-whitelist/	GET	/users	undefined
20230223	19:19:01	57f74dc1-2f2c-4fcb-8b13-7a9181475694tMongooseServerSelectionError: Could not connect to any servers in your MongoDB Atlas cluster. One common reason is that you're trying to access the database from an IP that isn't whitelisted. Make sure your current IP address is on your Atlas cluster's IP whitelist: https://docs.atlas.mongodb.com/security-whitelist/	GET	/users	undefined
20230223	19:20:31	6f1d9df0-6cfd-4064-8997-5d993988012etMongooseServerSelectionError: Could not connect to any servers in your MongoDB Atlas cluster. One common reason is that you're trying to access the database from an IP that isn't whitelisted. Make sure your current IP address is on your Atlas cluster's IP whitelist: https://docs.atlas.mongodb.com/security-whitelist/	GET	/users	undefined
20230223	19:22:01	4388ca2b-fb3d-4d85-b3ef-e8cee987ecaetMongooseServerSelectionError: Could not connect to any servers in your MongoDB Atlas cluster. One common reason is that you're trying to access the database from an IP that isn't whitelisted. Make sure your current IP address is on your Atlas cluster's IP whitelist: https://docs.atlas.mongodb.com/security-whitelist/	GET	/users	undefined
20230223	19:23:31	55ec3813-c8bd-4240-a462-fd7179b806b8tMongooseServerSelectionError: Could not connect to any servers in your MongoDB Atlas cluster. One common reason is that you're trying to access the database from an IP that isn't whitelisted. Make sure your current IP address is on your Atlas cluster's IP whitelist: https://docs.atlas.mongodb.com/security-whitelist/	GET	/users	undefined
20230223	19:25:01	f0a103c4-7dbb-42c0-8f57-8d40e940046etMongooseServerSelectionError: Could not connect to any servers in your MongoDB Atlas cluster. One common reason is that you're trying to access the database from an IP that isn't whitelisted. Make sure your current IP address is on your Atlas cluster's IP whitelist: https://docs.atlas.mongodb.com/security-whitelist/	GET	/users	undefined
20230223	19:26:31	c66f9afd-acb2-48e0-9702-4582d16f4a03tMongooseServerSelectionError: Could not connect to any servers in your MongoDB Atlas cluster. One common reason is that you're trying to access the database from an IP that isn't whitelisted. Make sure your current IP address is on your Atlas cluster's IP whitelist: https://docs.atlas.mongodb.com/security-whitelist/	GET	/users	undefined
20230223	19:28:01	862051c4-84f5-4aaa-be0b-94b3815d6412tMongooseServerSelectionError: Could not connect to any servers in your MongoDB Atlas cluster. One common reason is that you're trying to access the database from an IP that isn't whitelisted. Make sure your current IP address is on your Atlas cluster's IP whitelist: https://docs.atlas.mongodb.com/security-whitelist/	GET	/users	undefined
20230223	19:29:31	413ed358-10e5-4519-996b-c965693e0630tMongooseServerSelectionError: Could not connect to any servers in your MongoDB Atlas cluster. One common reason is that you're trying to access the database from an IP that isn't whitelisted. Make sure your current IP address is on your Atlas cluster's IP whitelist: https://docs.atlas.mongodb.com/security-whitelist/	GET	/users	undefined
20230223	19:31:01	2140a83e-53e8-4aa2-a16c-f66ccd5aba76tMongooseServerSelectionError: Could not connect to any servers in your MongoDB Atlas cluster. One common reason is that you're trying to access the database from an IP that isn't whitelisted. Make sure your current IP address is on your Atlas cluster's IP whitelist: https://docs.atlas.mongodb.com/security-whitelist/	GET	/users	undefined
20230223	19:32:31	a0b0de35-4321-48f3-b34a-3af3efafa3batMongooseServerSelectionError: Could not connect to any servers in your MongoDB Atlas cluster. One common reason is that you're trying to access the database from an IP that isn't whitelisted. Make sure your current IP address is on your Atlas cluster's IP whitelist: https://docs.atlas.mongodb.com/security-whitelist/	GET	/users	undefined
20230223	19:34:01	ec254902-2b07-46f1-9616-ed055f970072tMongooseServerSelectionError: Could not connect to any servers in your MongoDB Atlas cluster. One common reason is that you're trying to access the database from an IP that isn't whitelisted. Make sure your current IP address is on your Atlas cluster's IP whitelist: https://docs.atlas.mongodb.com/security-whitelist/	GET	/users	undefined
20230223	19:35:31	193cae35-3b4c-4d8e-901b-739bd05115d2tMongooseServerSelectionError: Could not connect to any servers in your MongoDB Atlas cluster. One common reason is that you're trying to access the database from an IP that isn't whitelisted. Make sure your current IP address is on your Atlas cluster's IP whitelist: https://docs.atlas.mongodb.com/security-whitelist/	GET	/users	undefined
20230223	19:37:01	e333fc40-2ee8-45a6-9746-b0105eb9dccdtMongooseServerSelectionError: Could not connect to any servers in your MongoDB Atlas cluster. One common reason is that you're trying to access the database from an IP that isn't whitelisted. Make sure your current IP address is on your Atlas cluster's IP whitelist: https://docs.atlas.mongodb.com/security-whitelist/	GET	/users	undefined
20230223	19:38:31	706b9b5c-a29c-4ca1-8424-a83838e3d64atMongooseServerSelectionError: Could not connect to any servers in your MongoDB Atlas cluster. One common reason is that you're trying to access the database from an IP that isn't whitelisted. Make sure your current IP address is on your Atlas cluster's IP whitelist: https://docs.atlas.mongodb.com/security-whitelist/	GET	/users	undefined
20230223	19:40:01	aa28beb3-6681-4798-b18f-9b84076a88c6tMongooseServerSelectionError: Could not connect to any servers in your MongoDB Atlas cluster. One common reason is that you're trying to access the database from an IP that isn't whitelisted. Make sure your current IP address is on your Atlas cluster's IP whitelist: https://docs.atlas.mongodb.com/security-whitelist/	GET	/users	undefined
20230223	19:41:31	1932b05b-808d-41ab-b347-2dcb7f6073fftMongooseServerSelectionError: Could not connect to any servers in your MongoDB Atlas cluster. One common reason is that you're trying to access the database from an IP that isn't whitelisted. Make sure your current IP address is on your Atlas cluster's IP whitelist: https://docs.atlas.mongodb.com/security-whitelist/	GET	/users	undefined
20230223	19:43:01	4d6e4e4a-8965-40f4-ba9e-786ceb5e2072tMongooseServerSelectionError: Could not connect to any servers in your MongoDB Atlas cluster. One common reason is that you're trying to access the database from an IP that isn't whitelisted. Make sure your current IP address is on your Atlas cluster's IP whitelist: https://docs.atlas.mongodb.com/security-whitelist/	GET	/users	undefined
20230223	19:44:31	06ca5e4e-8742-43ef-ab05-afa3e33a4b65tMongooseServerSelectionError: Could not connect to any servers in your MongoDB Atlas cluster. One common reason is that you're trying to access the database from an IP that isn't whitelisted. Make sure your current IP address is on your Atlas cluster's IP whitelist: https://docs.atlas.mongodb.com/security-whitelist/	GET	/users	undefined
20230223	19:46:01	fd1f6684-d2fb-402b-915f-1a49c1bc668btMongooseServerSelectionError: Could not connect to any servers in your MongoDB Atlas cluster. One common reason is that you're trying to access the database from an IP that isn't whitelisted. Make sure your current IP address is on your Atlas cluster's IP whitelist: https://docs.atlas.mongodb.com/security-whitelist/	GET	/users	undefined
20230223	19:47:31	2be46684-2295-4071-a15a-c658d7f46e31tMongooseServerSelectionError: Could not connect to any servers in your MongoDB Atlas cluster. One common reason is that you're trying to access the database from an IP that isn't whitelisted. Make sure your current IP address is on your Atlas cluster's IP whitelist: https://docs.atlas.mongodb.com/security-whitelist/	GET	/users	undefined
20230223	19:49:01	0d597029-4ebf-4b95-ac4b-1c8ac35b19cctMongooseServerSelectionError: Could not connect to any servers in your MongoDB Atlas cluster. One common reason is that you're trying to access the database from an IP that isn't whitelisted. Make sure your current IP address is on your Atlas cluster's IP whitelist: https://docs.atlas.mongodb.com/security-whitelist/	GET	/users	undefined
20230223	19:50:31	0d076870-bfb2-4f76-b36a-b019fcf941fatMongooseServerSelectionError: Could not connect to any servers in your MongoDB Atlas cluster. One common reason is that you're trying to access the database from an IP that isn't whitelisted. Make sure your current IP address is on your Atlas cluster's IP whitelist: https://docs.atlas.mongodb.com/security-whitelist/	GET	/users	undefined
20230223	19:52:01	23564070-7949-4bbb-861a-c3fe280aeaa3tMongooseServerSelectionError: Could not connect to any servers in your MongoDB Atlas cluster. One common reason is that you're trying to access the database from an IP that isn't whitelisted. Make sure your current IP address is on your Atlas cluster's IP whitelist: https://docs.atlas.mongodb.com/security-whitelist/	GET	/users	undefined
20230223	19:53:31	c3d7d0aa-3151-49e1-ba7a-916a3e29e335tMongooseServerSelectionError: Could not connect to any servers in your MongoDB Atlas cluster. One common reason is that you're trying to access the database from an IP that isn't whitelisted. Make sure your current IP address is on your Atlas cluster's IP whitelist: https://docs.atlas.mongodb.com/security-whitelist/	GET	/users	undefined
20230223	19:55:01	b0dad8b4-1d1c-46cc-9317-0ebff8640ab9tMongooseServerSelectionError: Could not connect to any servers in your MongoDB Atlas cluster. One common reason is that you're trying to access the database from an IP that isn't whitelisted. Make sure your current IP address is on your Atlas cluster's IP whitelist: https://docs.atlas.mongodb.com/security-whitelist/	GET	/users	undefined
20230223	19:56:31	6022d29a-3f4a-447a-a661-2beff8be01d1tMongooseServerSelectionError: Could not connect to any servers in your MongoDB Atlas cluster. One common reason is that you're trying to access the database from an IP that isn't whitelisted. Make sure your current IP address is on your Atlas cluster's IP whitelist: https://docs.atlas.mongodb.com/security-whitelist/	GET	/users	undefined
20230223	19:58:01	d02be468-3f44-4b52-b31e-42d67b411d07tMongooseServerSelectionError: Could not connect to any servers in your MongoDB Atlas cluster. One common reason is that you're trying to access the database from an IP that isn't whitelisted. Make sure your current IP address is on your Atlas cluster's IP whitelist: https://docs.atlas.mongodb.com/security-whitelist/	GET	/users	undefined
20230223	19:59:31	2f854111-f112-4681-824b-096a76c59c96tMongooseServerSelectionError: Could not connect to any servers in your MongoDB Atlas cluster. One common reason is that you're trying to access the database from an IP that isn't whitelisted. Make sure your current IP address is on your Atlas cluster's IP whitelist: https://docs.atlas.mongodb.com/security-whitelist/	GET	/users	undefined
20230223	20:01:01	0608c67e-9c41-48e6-890c-43cb87dd0d5atMongooseServerSelectionError: Could not connect to any servers in your MongoDB Atlas cluster. One common reason is that you're trying to access the database from an IP that isn't whitelisted. Make sure your current IP address is on your Atlas cluster's IP whitelist: https://docs.atlas.mongodb.com/security-whitelist/	GET	/users	undefined
20230223	20:02:31	339e4850-b2fc-426f-a0a5-b1d56e233f3dtMongooseServerSelectionError: Could not connect to any servers in your MongoDB Atlas cluster. One common reason is that you're trying to access the database from an IP that isn't whitelisted. Make sure your current IP address is on your Atlas cluster's IP whitelist: https://docs.atlas.mongodb.com/security-whitelist/	GET	/users	undefined
20230223	20:04:01	e9c41fed-8cea-4cb9-be69-47ea830f9c69tMongooseServerSelectionError: Could not connect to any servers in your MongoDB Atlas cluster. One common reason is that you're trying to access the database from an IP that isn't whitelisted. Make sure your current IP address is on your Atlas cluster's IP whitelist: https://docs.atlas.mongodb.com/security-whitelist/	GET	/users	undefined
20230223	20:05:31	4ad5224d-7c36-4909-a6d0-2252a7ae49betMongooseServerSelectionError: Could not connect to any servers in your MongoDB Atlas cluster. One common reason is that you're trying to access the database from an IP that isn't whitelisted. Make sure your current IP address is on your Atlas cluster's IP whitelist: https://docs.atlas.mongodb.com/security-whitelist/	GET	/users	undefined
20230223	20:07:01	294b1479-5077-412c-97c2-a45c39b74d11tMongooseServerSelectionError: Could not connect to any servers in your MongoDB Atlas cluster. One common reason is that you're trying to access the database from an IP that isn't whitelisted. Make sure your current IP address is on your Atlas cluster's IP whitelist: https://docs.atlas.mongodb.com/security-whitelist/	GET	/users	undefined
20230223	20:08:31	6ee98649-c8bf-4179-8d8f-39a0565e94f6tMongooseServerSelectionError: Could not connect to any servers in your MongoDB Atlas cluster. One common reason is that you're trying to access the database from an IP that isn't whitelisted. Make sure your current IP address is on your Atlas cluster's IP whitelist: https://docs.atlas.mongodb.com/security-whitelist/	GET	/users	undefined
20230223	20:09:12	29ceb075-7420-49a1-9f3f-8a7fa62936d5tMongooseServerSelectionError: Could not connect to any servers in your MongoDB Atlas cluster. One common reason is that you're trying to access the database from an IP that isn't whitelisted. Make sure your current IP address is on your Atlas cluster's IP whitelist: https://docs.atlas.mongodb.com/security-whitelist/	GET	/users	undefined
20230223	20:10:42	76fc561c-c854-4348-bd20-d7202fdcc5c8tMongooseServerSelectionError: Could not connect to any servers in your MongoDB Atlas cluster. One common reason is that you're trying to access the database from an IP that isn't whitelisted. Make sure your current IP address is on your Atlas cluster's IP whitelist: https://docs.atlas.mongodb.com/security-whitelist/	GET	/users	undefined
20230223	20:12:12	6340cd41-72f5-4f02-a0d2-0cf161beb411tMongooseServerSelectionError: Could not connect to any servers in your MongoDB Atlas cluster. One common reason is that you're trying to access the database from an IP that isn't whitelisted. Make sure your current IP address is on your Atlas cluster's IP whitelist: https://docs.atlas.mongodb.com/security-whitelist/	GET	/users	undefined
20230223	20:13:42	8c26e8e0-f25d-4b51-9d6b-0ec654d5b62atMongooseServerSelectionError: Could not connect to any servers in your MongoDB Atlas cluster. One common reason is that you're trying to access the database from an IP that isn't whitelisted. Make sure your current IP address is on your Atlas cluster's IP whitelist: https://docs.atlas.mongodb.com/security-whitelist/	GET	/users	undefined
20230223	20:15:12	2a4bfea0-8f8c-47da-a414-93625c6771f3tMongooseServerSelectionError: Could not connect to any servers in your MongoDB Atlas cluster. One common reason is that you're trying to access the database from an IP that isn't whitelisted. Make sure your current IP address is on your Atlas cluster's IP whitelist: https://docs.atlas.mongodb.com/security-whitelist/	GET	/users	undefined
20230223	20:16:42	804859f0-4daa-48d3-8f06-a849ff19cbd2tMongooseServerSelectionError: Could not connect to any servers in your MongoDB Atlas cluster. One common reason is that you're trying to access the database from an IP that isn't whitelisted. Make sure your current IP address is on your Atlas cluster's IP whitelist: https://docs.atlas.mongodb.com/security-whitelist/	GET	/users	undefined
20230223	20:18:12	bb5c26df-e667-47c2-8698-b9f3a7817afetMongooseServerSelectionError: Could not connect to any servers in your MongoDB Atlas cluster. One common reason is that you're trying to access the database from an IP that isn't whitelisted. Make sure your current IP address is on your Atlas cluster's IP whitelist: https://docs.atlas.mongodb.com/security-whitelist/	GET	/users	undefined
20230223	20:19:42	d83f25a5-e555-4f6d-a64f-dd6b6065a4a3tMongooseServerSelectionError: Could not connect to any servers in your MongoDB Atlas cluster. One common reason is that you're trying to access the database from an IP that isn't whitelisted. Make sure your current IP address is on your Atlas cluster's IP whitelist: https://docs.atlas.mongodb.com/security-whitelist/	GET	/users	undefined
20230223	20:21:12	643c4011-8d13-4826-9ae8-9e1b8be6dea8tMongooseServerSelectionError: Could not connect to any servers in your MongoDB Atlas cluster. One common reason is that you're trying to access the database from an IP that isn't whitelisted. Make sure your current IP address is on your Atlas cluster's IP whitelist: https://docs.atlas.mongodb.com/security-whitelist/	GET	/users	undefined
20230223	20:22:42	b0989495-8747-45f2-a0b1-48f2f43d01f6tMongooseServerSelectionError: Could not connect to any servers in your MongoDB Atlas cluster. One common reason is that you're trying to access the database from an IP that isn't whitelisted. Make sure your current IP address is on your Atlas cluster's IP whitelist: https://docs.atlas.mongodb.com/security-whitelist/	GET	/users	undefined
20230223	20:24:12	a959ce6d-2a66-4218-b196-3a0811a55c73tMongooseServerSelectionError: Could not connect to any servers in your MongoDB Atlas cluster. One common reason is that you're trying to access the database from an IP that isn't whitelisted. Make sure your current IP address is on your Atlas cluster's IP whitelist: https://docs.atlas.mongodb.com/security-whitelist/	GET	/users	undefined
20230223	20:25:42	34a56dc2-c4c1-471a-927c-52c1ea5be6detMongooseServerSelectionError: Could not connect to any servers in your MongoDB Atlas cluster. One common reason is that you're trying to access the database from an IP that isn't whitelisted. Make sure your current IP address is on your Atlas cluster's IP whitelist: https://docs.atlas.mongodb.com/security-whitelist/	GET	/users	undefined
20230223	20:27:12	bb6c750c-1f7f-49ad-854e-7ceba82a8565tMongooseServerSelectionError: Could not connect to any servers in your MongoDB Atlas cluster. One common reason is that you're trying to access the database from an IP that isn't whitelisted. Make sure your current IP address is on your Atlas cluster's IP whitelist: https://docs.atlas.mongodb.com/security-whitelist/	GET	/users	undefined
20230223	20:28:42	c07cac40-5448-4e98-be71-862a6747a00dtMongooseServerSelectionError: Could not connect to any servers in your MongoDB Atlas cluster. One common reason is that you're trying to access the database from an IP that isn't whitelisted. Make sure your current IP address is on your Atlas cluster's IP whitelist: https://docs.atlas.mongodb.com/security-whitelist/	GET	/users	undefined
20230223	20:30:12	2d475c4c-5404-4886-9cf9-b476329db4cftMongooseServerSelectionError: Could not connect to any servers in your MongoDB Atlas cluster. One common reason is that you're trying to access the database from an IP that isn't whitelisted. Make sure your current IP address is on your Atlas cluster's IP whitelist: https://docs.atlas.mongodb.com/security-whitelist/	GET	/users	undefined
20230223	20:31:42	bde3fb47-9abe-41f9-8709-7b6cc93bd4f4tMongooseServerSelectionError: Could not connect to any servers in your MongoDB Atlas cluster. One common reason is that you're trying to access the database from an IP that isn't whitelisted. Make sure your current IP address is on your Atlas cluster's IP whitelist: https://docs.atlas.mongodb.com/security-whitelist/	GET	/users	undefined
20230223	20:33:12	f1f02e4e-6d8d-4da9-80a1-7675960c9375tMongooseServerSelectionError: Could not connect to any servers in your MongoDB Atlas cluster. One common reason is that you're trying to access the database from an IP that isn't whitelisted. Make sure your current IP address is on your Atlas cluster's IP whitelist: https://docs.atlas.mongodb.com/security-whitelist/	GET	/users	undefined
20230223	20:34:42	ee701c8d-54ab-491d-93d6-a95cf2e65e91tMongooseServerSelectionError: Could not connect to any servers in your MongoDB Atlas cluster. One common reason is that you're trying to access the database from an IP that isn't whitelisted. Make sure your current IP address is on your Atlas cluster's IP whitelist: https://docs.atlas.mongodb.com/security-whitelist/	GET	/users	undefined
20230223	20:36:12	755ddd81-1374-44c1-8f1c-4a11412f8e51tMongooseServerSelectionError: Could not connect to any servers in your MongoDB Atlas cluster. One common reason is that you're trying to access the database from an IP that isn't whitelisted. Make sure your current IP address is on your Atlas cluster's IP whitelist: https://docs.atlas.mongodb.com/security-whitelist/	GET	/users	undefined
20230223	20:37:42	f74957b9-d9da-440c-8eab-7118f1106154tMongooseServerSelectionError: Could not connect to any servers in your MongoDB Atlas cluster. One common reason is that you're trying to access the database from an IP that isn't whitelisted. Make sure your current IP address is on your Atlas cluster's IP whitelist: https://docs.atlas.mongodb.com/security-whitelist/	GET	/users	undefined
20230223	20:39:12	ff026ddc-90c0-4834-ac46-38d542a4a0b1tMongooseServerSelectionError: Could not connect to any servers in your MongoDB Atlas cluster. One common reason is that you're trying to access the database from an IP that isn't whitelisted. Make sure your current IP address is on your Atlas cluster's IP whitelist: https://docs.atlas.mongodb.com/security-whitelist/	GET	/users	undefined
20230223	20:40:42	951de106-b64c-4b52-a5dd-c677b7e1dfabtMongooseServerSelectionError: Could not connect to any servers in your MongoDB Atlas cluster. One common reason is that you're trying to access the database from an IP that isn't whitelisted. Make sure your current IP address is on your Atlas cluster's IP whitelist: https://docs.atlas.mongodb.com/security-whitelist/	GET	/users	undefined
20230223	20:42:12	eb600d7d-a390-4ac0-a498-765057e6a705tMongooseServerSelectionError: Could not connect to any servers in your MongoDB Atlas cluster. One common reason is that you're trying to access the database from an IP that isn't whitelisted. Make sure your current IP address is on your Atlas cluster's IP whitelist: https://docs.atlas.mongodb.com/security-whitelist/	GET	/users	undefined
20230223	20:43:42	29b0d10e-5533-4de4-9b40-0d79baaaa6f8tMongooseServerSelectionError: Could not connect to any servers in your MongoDB Atlas cluster. One common reason is that you're trying to access the database from an IP that isn't whitelisted. Make sure your current IP address is on your Atlas cluster's IP whitelist: https://docs.atlas.mongodb.com/security-whitelist/	GET	/users	undefined
20230223	20:45:12	cfa6c841-0d30-4111-85aa-71e876ebfd3dtMongooseServerSelectionError: Could not connect to any servers in your MongoDB Atlas cluster. One common reason is that you're trying to access the database from an IP that isn't whitelisted. Make sure your current IP address is on your Atlas cluster's IP whitelist: https://docs.atlas.mongodb.com/security-whitelist/	GET	/users	undefined
20230223	20:46:42	7f5311c3-4077-4588-9f79-6909b6b8e266tMongooseServerSelectionError: Could not connect to any servers in your MongoDB Atlas cluster. One common reason is that you're trying to access the database from an IP that isn't whitelisted. Make sure your current IP address is on your Atlas cluster's IP whitelist: https://docs.atlas.mongodb.com/security-whitelist/	GET	/users	undefined
20230223	20:48:13	0fe2e049-5cb1-4b55-b426-8e4eda9bd845tMongooseServerSelectionError: Could not connect to any servers in your MongoDB Atlas cluster. One common reason is that you're trying to access the database from an IP that isn't whitelisted. Make sure your current IP address is on your Atlas cluster's IP whitelist: https://docs.atlas.mongodb.com/security-whitelist/	GET	/users	undefined
20230223	20:49:43	932a81ed-4d91-421d-93af-478055a3f4d8tMongooseServerSelectionError: Could not connect to any servers in your MongoDB Atlas cluster. One common reason is that you're trying to access the database from an IP that isn't whitelisted. Make sure your current IP address is on your Atlas cluster's IP whitelist: https://docs.atlas.mongodb.com/security-whitelist/	GET	/users	undefined
20230223	20:51:13	6e57d026-b0bd-4eaf-9c3c-899cb8ac66fetMongooseServerSelectionError: Could not connect to any servers in your MongoDB Atlas cluster. One common reason is that you're trying to access the database from an IP that isn't whitelisted. Make sure your current IP address is on your Atlas cluster's IP whitelist: https://docs.atlas.mongodb.com/security-whitelist/	GET	/users	undefined
20230223	20:52:43	5262d7d5-3063-44c4-9e2e-b6cdafd6e451tMongooseServerSelectionError: Could not connect to any servers in your MongoDB Atlas cluster. One common reason is that you're trying to access the database from an IP that isn't whitelisted. Make sure your current IP address is on your Atlas cluster's IP whitelist: https://docs.atlas.mongodb.com/security-whitelist/	GET	/users	undefined
20230223	20:54:13	5500f1c1-fe0b-45c2-a721-cedb714a850atMongooseServerSelectionError: Could not connect to any servers in your MongoDB Atlas cluster. One common reason is that you're trying to access the database from an IP that isn't whitelisted. Make sure your current IP address is on your Atlas cluster's IP whitelist: https://docs.atlas.mongodb.com/security-whitelist/	GET	/users	undefined
20230223	20:55:43	391c53e2-e466-4ab3-8678-291e355a844etMongooseServerSelectionError: Could not connect to any servers in your MongoDB Atlas cluster. One common reason is that you're trying to access the database from an IP that isn't whitelisted. Make sure your current IP address is on your Atlas cluster's IP whitelist: https://docs.atlas.mongodb.com/security-whitelist/	GET	/users	undefined
20230223	20:57:13	a61f509d-f4c9-446a-9743-ef4cf5238d99tMongooseServerSelectionError: Could not connect to any servers in your MongoDB Atlas cluster. One common reason is that you're trying to access the database from an IP that isn't whitelisted. Make sure your current IP address is on your Atlas cluster's IP whitelist: https://docs.atlas.mongodb.com/security-whitelist/	GET	/users	undefined
20230223	20:58:43	bbfac77e-0fb8-4b39-897b-49044a19de9ftMongooseServerSelectionError: Could not connect to any servers in your MongoDB Atlas cluster. One common reason is that you're trying to access the database from an IP that isn't whitelisted. Make sure your current IP address is on your Atlas cluster's IP whitelist: https://docs.atlas.mongodb.com/security-whitelist/	GET	/users	undefined
20230223	21:00:13	1252eca6-eb6c-4bb7-9e33-9c65d67063e9tMongooseServerSelectionError: Could not connect to any servers in your MongoDB Atlas cluster. One common reason is that you're trying to access the database from an IP that isn't whitelisted. Make sure your current IP address is on your Atlas cluster's IP whitelist: https://docs.atlas.mongodb.com/security-whitelist/	GET	/users	undefined
20230223	21:01:43	924df649-6905-4c9c-af9f-5819233becb9tMongooseServerSelectionError: Could not connect to any servers in your MongoDB Atlas cluster. One common reason is that you're trying to access the database from an IP that isn't whitelisted. Make sure your current IP address is on your Atlas cluster's IP whitelist: https://docs.atlas.mongodb.com/security-whitelist/	GET	/users	undefined
20230223	21:03:13	9bc62272-e336-43a9-8f20-f0a4915307f2tMongooseServerSelectionError: Could not connect to any servers in your MongoDB Atlas cluster. One common reason is that you're trying to access the database from an IP that isn't whitelisted. Make sure your current IP address is on your Atlas cluster's IP whitelist: https://docs.atlas.mongodb.com/security-whitelist/	GET	/users	undefined
20230223	21:04:43	825a60b4-26a8-4688-8aa6-a3e239eafb6btMongooseServerSelectionError: Could not connect to any servers in your MongoDB Atlas cluster. One common reason is that you're trying to access the database from an IP that isn't whitelisted. Make sure your current IP address is on your Atlas cluster's IP whitelist: https://docs.atlas.mongodb.com/security-whitelist/	GET	/users	undefined
20230223	21:06:13	f685f855-41d6-4edb-98fc-88951e27453dtMongooseServerSelectionError: Could not connect to any servers in your MongoDB Atlas cluster. One common reason is that you're trying to access the database from an IP that isn't whitelisted. Make sure your current IP address is on your Atlas cluster's IP whitelist: https://docs.atlas.mongodb.com/security-whitelist/	GET	/users	undefined
20230223	21:07:43	37d055d7-0b86-4741-a85f-620fc4807b3ctMongooseServerSelectionError: Could not connect to any servers in your MongoDB Atlas cluster. One common reason is that you're trying to access the database from an IP that isn't whitelisted. Make sure your current IP address is on your Atlas cluster's IP whitelist: https://docs.atlas.mongodb.com/security-whitelist/	GET	/users	undefined
20230223	21:09:13	25a02029-ed3a-4bac-9c93-8d60a06a9bc8tMongooseServerSelectionError: Could not connect to any servers in your MongoDB Atlas cluster. One common reason is that you're trying to access the database from an IP that isn't whitelisted. Make sure your current IP address is on your Atlas cluster's IP whitelist: https://docs.atlas.mongodb.com/security-whitelist/	GET	/users	undefined
20230223	21:10:43	5ffa0189-4635-4c39-b431-3465563c345ftMongooseServerSelectionError: Could not connect to any servers in your MongoDB Atlas cluster. One common reason is that you're trying to access the database from an IP that isn't whitelisted. Make sure your current IP address is on your Atlas cluster's IP whitelist: https://docs.atlas.mongodb.com/security-whitelist/	GET	/users	undefined
20230223	21:12:13	85baf30c-d39a-494d-97c3-3c3971a9024ctMongooseServerSelectionError: Could not connect to any servers in your MongoDB Atlas cluster. One common reason is that you're trying to access the database from an IP that isn't whitelisted. Make sure your current IP address is on your Atlas cluster's IP whitelist: https://docs.atlas.mongodb.com/security-whitelist/	GET	/users	undefined
20230223	21:13:43	a549344c-eccc-4786-858f-0539698d5efctMongooseServerSelectionError: Could not connect to any servers in your MongoDB Atlas cluster. One common reason is that you're trying to access the database from an IP that isn't whitelisted. Make sure your current IP address is on your Atlas cluster's IP whitelist: https://docs.atlas.mongodb.com/security-whitelist/	GET	/users	undefined
20230223	21:15:04	80df042c-3ca6-4702-9766-88f5f402f4aftMongooseServerSelectionError: Could not connect to any servers in your MongoDB Atlas cluster. One common reason is that you're trying to access the database from an IP that isn't whitelisted. Make sure your current IP address is on your Atlas cluster's IP whitelist: https://docs.atlas.mongodb.com/security-whitelist/	GET	/users	undefined
20230223	21:16:32	b7f58d11-5d5c-41b0-83ed-a26db5a4a049tMongooseServerSelectionError: Could not connect to any servers in your MongoDB Atlas cluster. One common reason is that you're trying to access the database from an IP that isn't whitelisted. Make sure your current IP address is on your Atlas cluster's IP whitelist: https://docs.atlas.mongodb.com/security-whitelist/	GET	/users	undefined
20230223	21:18:02	0887b851-e9d3-44cc-96c7-46dbbf18f125tMongooseServerSelectionError: Could not connect to any servers in your MongoDB Atlas cluster. One common reason is that you're trying to access the database from an IP that isn't whitelisted. Make sure your current IP address is on your Atlas cluster's IP whitelist: https://docs.atlas.mongodb.com/security-whitelist/	GET	/users	undefined
20230223	21:19:32	7786a2aa-30cd-4276-9c2f-39c79d6bfbcftMongooseServerSelectionError: Could not connect to any servers in your MongoDB Atlas cluster. One common reason is that you're trying to access the database from an IP that isn't whitelisted. Make sure your current IP address is on your Atlas cluster's IP whitelist: https://docs.atlas.mongodb.com/security-whitelist/	GET	/users	undefined
20230223	21:21:02	c7b9d90b-3551-40bd-8e9c-c731701f7dd2tMongooseServerSelectionError: Could not connect to any servers in your MongoDB Atlas cluster. One common reason is that you're trying to access the database from an IP that isn't whitelisted. Make sure your current IP address is on your Atlas cluster's IP whitelist: https://docs.atlas.mongodb.com/security-whitelist/	GET	/users	undefined
20230223	21:22:32	b96d6bd8-fcf6-47d4-beac-2660c265da68tMongooseServerSelectionError: Could not connect to any servers in your MongoDB Atlas cluster. One common reason is that you're trying to access the database from an IP that isn't whitelisted. Make sure your current IP address is on your Atlas cluster's IP whitelist: https://docs.atlas.mongodb.com/security-whitelist/	GET	/users	undefined
20230223	21:24:02	27af08ab-2b0e-4562-b238-d694148d3df1tMongooseServerSelectionError: Could not connect to any servers in your MongoDB Atlas cluster. One common reason is that you're trying to access the database from an IP that isn't whitelisted. Make sure your current IP address is on your Atlas cluster's IP whitelist: https://docs.atlas.mongodb.com/security-whitelist/	GET	/users	undefined
20230223	21:25:32	ab2728c0-9e4e-4084-bf02-19fad3e56fadtMongooseServerSelectionError: Could not connect to any servers in your MongoDB Atlas cluster. One common reason is that you're trying to access the database from an IP that isn't whitelisted. Make sure your current IP address is on your Atlas cluster's IP whitelist: https://docs.atlas.mongodb.com/security-whitelist/	GET	/users	undefined
20230223	21:27:02	783b36eb-43a8-4c96-8ad1-438ea8a02b52tMongooseServerSelectionError: Could not connect to any servers in your MongoDB Atlas cluster. One common reason is that you're trying to access the database from an IP that isn't whitelisted. Make sure your current IP address is on your Atlas cluster's IP whitelist: https://docs.atlas.mongodb.com/security-whitelist/	GET	/users	undefined
20230223	21:28:32	bc6e86df-c72f-4530-818f-b5f1916011e5tMongooseServerSelectionError: Could not connect to any servers in your MongoDB Atlas cluster. One common reason is that you're trying to access the database from an IP that isn't whitelisted. Make sure your current IP address is on your Atlas cluster's IP whitelist: https://docs.atlas.mongodb.com/security-whitelist/	GET	/users	undefined
20230223	21:30:02	2018ad52-b7ce-48a3-8070-6ab64bf0c968tMongooseServerSelectionError: Could not connect to any servers in your MongoDB Atlas cluster. One common reason is that you're trying to access the database from an IP that isn't whitelisted. Make sure your current IP address is on your Atlas cluster's IP whitelist: https://docs.atlas.mongodb.com/security-whitelist/	GET	/users	undefined
20230223	21:31:32	eb9fa715-afeb-43a3-8102-d526e7cd194dtMongooseServerSelectionError: Could not connect to any servers in your MongoDB Atlas cluster. One common reason is that you're trying to access the database from an IP that isn't whitelisted. Make sure your current IP address is on your Atlas cluster's IP whitelist: https://docs.atlas.mongodb.com/security-whitelist/	GET	/users	undefined
20230223	21:33:02	65b9c94f-f6d2-4d46-a380-559f2cb02785tMongooseServerSelectionError: Could not connect to any servers in your MongoDB Atlas cluster. One common reason is that you're trying to access the database from an IP that isn't whitelisted. Make sure your current IP address is on your Atlas cluster's IP whitelist: https://docs.atlas.mongodb.com/security-whitelist/	GET	/users	undefined
20230223	21:34:32	8fc86eea-718a-4db2-9d20-73485da515c3tMongooseServerSelectionError: Could not connect to any servers in your MongoDB Atlas cluster. One common reason is that you're trying to access the database from an IP that isn't whitelisted. Make sure your current IP address is on your Atlas cluster's IP whitelist: https://docs.atlas.mongodb.com/security-whitelist/	GET	/users	undefined
20230223	21:36:02	6a09c4c0-919b-4e2c-b54f-418927959d56tMongooseServerSelectionError: Could not connect to any servers in your MongoDB Atlas cluster. One common reason is that you're trying to access the database from an IP that isn't whitelisted. Make sure your current IP address is on your Atlas cluster's IP whitelist: https://docs.atlas.mongodb.com/security-whitelist/	GET	/users	undefined
20230223	21:37:32	8262b9b2-6f46-4d67-9265-548bce32309btMongooseServerSelectionError: Could not connect to any servers in your MongoDB Atlas cluster. One common reason is that you're trying to access the database from an IP that isn't whitelisted. Make sure your current IP address is on your Atlas cluster's IP whitelist: https://docs.atlas.mongodb.com/security-whitelist/	GET	/users	undefined
20230223	21:39:02	144f9f82-5742-4801-b379-6a406f05b6fftMongooseServerSelectionError: Could not connect to any servers in your MongoDB Atlas cluster. One common reason is that you're trying to access the database from an IP that isn't whitelisted. Make sure your current IP address is on your Atlas cluster's IP whitelist: https://docs.atlas.mongodb.com/security-whitelist/	GET	/users	undefined
20230223	21:40:29	d3f5806e-117d-4c90-b281-af602eb99a9ftMongooseServerSelectionError: Could not connect to any servers in your MongoDB Atlas cluster. One common reason is that you're trying to access the database from an IP that isn't whitelisted. Make sure your current IP address is on your Atlas cluster's IP whitelist: https://docs.atlas.mongodb.com/security-whitelist/	GET	/users	undefined
20230223	21:41:59	350332bd-0fa0-45d6-a0bb-1ea2b86970cdtMongooseServerSelectionError: Could not connect to any servers in your MongoDB Atlas cluster. One common reason is that you're trying to access the database from an IP that isn't whitelisted. Make sure your current IP address is on your Atlas cluster's IP whitelist: https://docs.atlas.mongodb.com/security-whitelist/	GET	/users	undefined
20230223	21:43:29	3ea9fad8-e8c9-4d86-8294-a6da8e501228tMongooseServerSelectionError: Could not connect to any servers in your MongoDB Atlas cluster. One common reason is that you're trying to access the database from an IP that isn't whitelisted. Make sure your current IP address is on your Atlas cluster's IP whitelist: https://docs.atlas.mongodb.com/security-whitelist/	GET	/users	undefined
20230223	21:44:59	36ae5c75-e234-4a58-8ac4-4f43a9f7e9aatMongooseServerSelectionError: Could not connect to any servers in your MongoDB Atlas cluster. One common reason is that you're trying to access the database from an IP that isn't whitelisted. Make sure your current IP address is on your Atlas cluster's IP whitelist: https://docs.atlas.mongodb.com/security-whitelist/	GET	/users	undefined
20230223	21:46:29	d7934385-d58c-4c58-bc21-50a69d459657tMongooseServerSelectionError: Could not connect to any servers in your MongoDB Atlas cluster. One common reason is that you're trying to access the database from an IP that isn't whitelisted. Make sure your current IP address is on your Atlas cluster's IP whitelist: https://docs.atlas.mongodb.com/security-whitelist/	GET	/users	undefined
20230223	21:47:59	fb3c7466-e392-4867-a1aa-654bd8d12fbatMongooseServerSelectionError: Could not connect to any servers in your MongoDB Atlas cluster. One common reason is that you're trying to access the database from an IP that isn't whitelisted. Make sure your current IP address is on your Atlas cluster's IP whitelist: https://docs.atlas.mongodb.com/security-whitelist/	GET	/users	undefined
20230223	21:49:30	07e8e246-53dc-4f33-93d9-08f2ab31c102tMongooseServerSelectionError: Could not connect to any servers in your MongoDB Atlas cluster. One common reason is that you're trying to access the database from an IP that isn't whitelisted. Make sure your current IP address is on your Atlas cluster's IP whitelist: https://docs.atlas.mongodb.com/security-whitelist/	GET	/users	undefined
20230223	21:51:00	4aa0ac2e-a578-4899-ace2-89f70cc357a0tMongooseServerSelectionError: Could not connect to any servers in your MongoDB Atlas cluster. One common reason is that you're trying to access the database from an IP that isn't whitelisted. Make sure your current IP address is on your Atlas cluster's IP whitelist: https://docs.atlas.mongodb.com/security-whitelist/	GET	/users	undefined
20230223	21:52:30	808309f1-c863-4df9-ad5d-32eb61c2c9b8tMongooseServerSelectionError: Could not connect to any servers in your MongoDB Atlas cluster. One common reason is that you're trying to access the database from an IP that isn't whitelisted. Make sure your current IP address is on your Atlas cluster's IP whitelist: https://docs.atlas.mongodb.com/security-whitelist/	GET	/users	undefined
20230223	21:54:00	8363ac8f-5054-48a3-9ce8-8f5eb3c80bf2tMongooseServerSelectionError: Could not connect to any servers in your MongoDB Atlas cluster. One common reason is that you're trying to access the database from an IP that isn't whitelisted. Make sure your current IP address is on your Atlas cluster's IP whitelist: https://docs.atlas.mongodb.com/security-whitelist/	GET	/users	undefined
20230223	21:55:30	3f18155f-d46e-4c5b-9524-5e98e6af145atMongooseServerSelectionError: Could not connect to any servers in your MongoDB Atlas cluster. One common reason is that you're trying to access the database from an IP that isn't whitelisted. Make sure your current IP address is on your Atlas cluster's IP whitelist: https://docs.atlas.mongodb.com/security-whitelist/	GET	/users	undefined
20230223	21:57:00	f04d70e1-b76a-4741-82fd-6170f77c7b1atMongooseServerSelectionError: Could not connect to any servers in your MongoDB Atlas cluster. One common reason is that you're trying to access the database from an IP that isn't whitelisted. Make sure your current IP address is on your Atlas cluster's IP whitelist: https://docs.atlas.mongodb.com/security-whitelist/	GET	/users	undefined
20230223	21:58:30	4614c8a3-a7e1-4179-9484-352b7cf064d7tMongooseServerSelectionError: Could not connect to any servers in your MongoDB Atlas cluster. One common reason is that you're trying to access the database from an IP that isn't whitelisted. Make sure your current IP address is on your Atlas cluster's IP whitelist: https://docs.atlas.mongodb.com/security-whitelist/	GET	/users	undefined
20230223	22:00:00	40c9dbb9-b7a4-4d7a-b9fa-f7c473533f8atMongooseServerSelectionError: Could not connect to any servers in your MongoDB Atlas cluster. One common reason is that you're trying to access the database from an IP that isn't whitelisted. Make sure your current IP address is on your Atlas cluster's IP whitelist: https://docs.atlas.mongodb.com/security-whitelist/	GET	/users	undefined
20230223	22:01:30	aa21d5ab-a2a5-4794-a2d2-866e9fde941btMongooseServerSelectionError: Could not connect to any servers in your MongoDB Atlas cluster. One common reason is that you're trying to access the database from an IP that isn't whitelisted. Make sure your current IP address is on your Atlas cluster's IP whitelist: https://docs.atlas.mongodb.com/security-whitelist/	GET	/users	undefined
20230223	22:03:00	9d4bb3ee-a924-445d-8463-63539369e706tMongooseServerSelectionError: Could not connect to any servers in your MongoDB Atlas cluster. One common reason is that you're trying to access the database from an IP that isn't whitelisted. Make sure your current IP address is on your Atlas cluster's IP whitelist: https://docs.atlas.mongodb.com/security-whitelist/	GET	/users	undefined
20230223	22:04:30	21276403-fd5f-4a0c-ba11-e197f54ef27ftMongooseServerSelectionError: Could not connect to any servers in your MongoDB Atlas cluster. One common reason is that you're trying to access the database from an IP that isn't whitelisted. Make sure your current IP address is on your Atlas cluster's IP whitelist: https://docs.atlas.mongodb.com/security-whitelist/	GET	/users	undefined
20230223	22:06:00	dd7b6e54-a3d2-42c3-b7ce-3836a7d8bf8ctMongooseServerSelectionError: Could not connect to any servers in your MongoDB Atlas cluster. One common reason is that you're trying to access the database from an IP that isn't whitelisted. Make sure your current IP address is on your Atlas cluster's IP whitelist: https://docs.atlas.mongodb.com/security-whitelist/	GET	/users	undefined
20230223	22:07:30	9590831b-acdf-4e58-8810-69ffb15ab276tMongooseServerSelectionError: Could not connect to any servers in your MongoDB Atlas cluster. One common reason is that you're trying to access the database from an IP that isn't whitelisted. Make sure your current IP address is on your Atlas cluster's IP whitelist: https://docs.atlas.mongodb.com/security-whitelist/	GET	/users	undefined
20230223	22:09:00	1ae52fc2-7d61-4d59-8245-24c487a9b3f5tMongooseServerSelectionError: Could not connect to any servers in your MongoDB Atlas cluster. One common reason is that you're trying to access the database from an IP that isn't whitelisted. Make sure your current IP address is on your Atlas cluster's IP whitelist: https://docs.atlas.mongodb.com/security-whitelist/	GET	/users	undefined
20230223	22:10:30	630c046c-ef6f-4706-9b50-4339b08c19b6tMongooseServerSelectionError: Could not connect to any servers in your MongoDB Atlas cluster. One common reason is that you're trying to access the database from an IP that isn't whitelisted. Make sure your current IP address is on your Atlas cluster's IP whitelist: https://docs.atlas.mongodb.com/security-whitelist/	GET	/users	undefined
20230223	22:12:00	c6bd8b96-55fe-4d0b-98be-eaa9ebba357btMongooseServerSelectionError: Could not connect to any servers in your MongoDB Atlas cluster. One common reason is that you're trying to access the database from an IP that isn't whitelisted. Make sure your current IP address is on your Atlas cluster's IP whitelist: https://docs.atlas.mongodb.com/security-whitelist/	GET	/users	undefined
20230223	22:13:30	525ee7a5-6035-412c-99d5-dde90acf9d42tMongooseServerSelectionError: Could not connect to any servers in your MongoDB Atlas cluster. One common reason is that you're trying to access the database from an IP that isn't whitelisted. Make sure your current IP address is on your Atlas cluster's IP whitelist: https://docs.atlas.mongodb.com/security-whitelist/	GET	/users	undefined
20230223	22:15:00	016f6cfb-5421-4af3-b990-cd0b0e2705detMongooseServerSelectionError: Could not connect to any servers in your MongoDB Atlas cluster. One common reason is that you're trying to access the database from an IP that isn't whitelisted. Make sure your current IP address is on your Atlas cluster's IP whitelist: https://docs.atlas.mongodb.com/security-whitelist/	GET	/users	undefined
20230223	22:16:30	4ca24147-8831-4d98-9215-6097c39ce759tMongooseServerSelectionError: Could not connect to any servers in your MongoDB Atlas cluster. One common reason is that you're trying to access the database from an IP that isn't whitelisted. Make sure your current IP address is on your Atlas cluster's IP whitelist: https://docs.atlas.mongodb.com/security-whitelist/	GET	/users	undefined
20230223	22:18:00	b30d844d-2b3c-4413-8b47-bfd48e94c065tMongooseServerSelectionError: Could not connect to any servers in your MongoDB Atlas cluster. One common reason is that you're trying to access the database from an IP that isn't whitelisted. Make sure your current IP address is on your Atlas cluster's IP whitelist: https://docs.atlas.mongodb.com/security-whitelist/	GET	/users	undefined
20230223	22:19:30	e7d6732c-fef3-417f-baf2-fe50e5d77b36tMongooseServerSelectionError: Could not connect to any servers in your MongoDB Atlas cluster. One common reason is that you're trying to access the database from an IP that isn't whitelisted. Make sure your current IP address is on your Atlas cluster's IP whitelist: https://docs.atlas.mongodb.com/security-whitelist/	GET	/users	undefined
20230223	22:21:00	91e53e7b-3e65-4390-8faa-97cc57e3cc38tMongooseServerSelectionError: Could not connect to any servers in your MongoDB Atlas cluster. One common reason is that you're trying to access the database from an IP that isn't whitelisted. Make sure your current IP address is on your Atlas cluster's IP whitelist: https://docs.atlas.mongodb.com/security-whitelist/	GET	/users	undefined
20230223	22:22:30	4b2e8d18-326f-4024-97ed-a3052472d28atMongooseServerSelectionError: Could not connect to any servers in your MongoDB Atlas cluster. One common reason is that you're trying to access the database from an IP that isn't whitelisted. Make sure your current IP address is on your Atlas cluster's IP whitelist: https://docs.atlas.mongodb.com/security-whitelist/	GET	/users	undefined
20230223	22:24:01	20cb4ff9-4e86-45cd-8f25-29436363b337tMongooseServerSelectionError: Could not connect to any servers in your MongoDB Atlas cluster. One common reason is that you're trying to access the database from an IP that isn't whitelisted. Make sure your current IP address is on your Atlas cluster's IP whitelist: https://docs.atlas.mongodb.com/security-whitelist/	GET	/users	undefined
20230223	22:25:31	55599ecf-15a2-432e-aa08-3d7a4780e49atMongooseServerSelectionError: Could not connect to any servers in your MongoDB Atlas cluster. One common reason is that you're trying to access the database from an IP that isn't whitelisted. Make sure your current IP address is on your Atlas cluster's IP whitelist: https://docs.atlas.mongodb.com/security-whitelist/	GET	/users	undefined
20230223	22:27:01	f8a472d1-824d-411e-94e2-b96f9df9f44btMongooseServerSelectionError: Could not connect to any servers in your MongoDB Atlas cluster. One common reason is that you're trying to access the database from an IP that isn't whitelisted. Make sure your current IP address is on your Atlas cluster's IP whitelist: https://docs.atlas.mongodb.com/security-whitelist/	GET	/users	undefined
20230223	22:28:31	fefa295e-331f-4653-9db5-ed917c127129tMongooseServerSelectionError: Could not connect to any servers in your MongoDB Atlas cluster. One common reason is that you're trying to access the database from an IP that isn't whitelisted. Make sure your current IP address is on your Atlas cluster's IP whitelist: https://docs.atlas.mongodb.com/security-whitelist/	GET	/users	undefined
20230223	22:30:01	8da6e9f3-0eed-4d12-b3b9-9f22b8bb5d48tMongooseServerSelectionError: Could not connect to any servers in your MongoDB Atlas cluster. One common reason is that you're trying to access the database from an IP that isn't whitelisted. Make sure your current IP address is on your Atlas cluster's IP whitelist: https://docs.atlas.mongodb.com/security-whitelist/	GET	/users	undefined
20230717	14:33:04	73044d38-8331-4e3f-8db0-121b3e0c1732tError: secretOrPrivateKey must have a value	POST	/auth	undefined
20230717	14:34:10	80a1fefd-40a5-4810-913a-65b2f723d4fbtError: secretOrPrivateKey must have a value	POST	/auth	undefined
20230717	14:46:28	af1b76d7-f5fa-4f63-922e-11efe046b42etReferenceError: cookie is not defined	GET	/auth/refresh	undefined
20230717	14:48:02	4f0e4e14-6615-4eac-97da-938e0650f65btTypeError: jwt.verifty is not a function	GET	/auth/refresh	undefined
20230725	15:07:24	ef82f110-57c2-49c0-8c4c-917e8847697ftToo Many Requests: Too many login attempts from this IP, please try again after a 60 second pause	POST	/	http://localhost:3000
