20230107	14:56:21	76156d59-5ccb-4391-bbce-4126bbf75f43tGET	/	undefined
20230107	14:56:21	af91ed61-bad3-4121-9a27-1d45b96d22c6tGET	/css/style.css	undefined
20230107	14:56:24	932947ee-f594-4947-9d4c-f80edaeb7223tGET	/	undefined
20230107	14:56:24	2ed576b3-9dca-45b8-b029-fcfee9fc25e8tGET	/css/style.css	undefined
20230107	21:09:06	692d9a32-6af8-42a5-b30c-0b3313bf62cbtGET	/	undefined
20230107	21:09:06	8f215e13-946a-450b-b107-af7c34267fcctGET	/css/style.css	undefined
20230119	13:52:12	9fcdde92-8884-4fcc-b81d-cc31b184a48ftGET	/	undefined
20230119	13:52:12	a3cf0e3c-1d4f-4671-b960-572a8a3229d0tGET	/css/style.css	undefined
20230119	13:52:12	533158cc-27aa-498e-b165-9799d1f412c9tGET	/favicon.ico	undefined
20230119	14:01:07	405c3f57-4bb0-476f-afb9-24b40d3ac467tGET	/	undefined
20230119	14:01:23	e3277900-0247-4bd8-988b-7ba7c7553b67tGET	/	undefined
20230119	16:00:38	f82e0754-ff18-40d5-9f17-bd2a2ca5e345tGET	/	undefined
20230120	12:33:06	aba4ec5b-491f-4e4a-bb90-590ac8fd5dbctGET	/	undefined
20230120	12:36:47	ad8036cb-76e0-4f46-a2d6-f124eda08be1tGET	/	undefined
20230120	12:37:17	ee21bf9d-2195-4b8f-a46b-40ee1d3a13e2tGET	/	undefined
20230120	12:40:07	36194b58-c7af-4944-88f5-ee284477943ctGET	/	undefined
20230120	12:40:24	86fd9f53-79db-4163-a443-698bce637a56tGET	/	undefined
20230120	12:40:46	20bfcca4-09b7-4f85-86b8-efd5501ff730tGET	/	undefined
20230120	12:40:46	5ca8522f-3d48-4328-a267-7c340c17f973tGET	/	undefined
20230120	12:40:47	1e119b34-c61d-4564-9c7a-97a3d2491e92tGET	/	undefined
20230120	12:40:48	bf9c73d4-efd4-4331-9e48-496cd188faeatGET	/	undefined
20230120	12:41:34	8d14faf7-01ec-4ea3-b49d-e0ee82dfd688tGET	/	undefined
20230120	12:47:11	d8bd6f2b-e072-4c46-a5a2-078e92938d3dtGET	/	undefined
20230120	12:49:11	0ca1cdd6-91de-4c54-b4ff-21c436d91772tGET	/	undefined
20230120	12:51:25	666a31be-24b2-4e48-bfa8-4e76516e041etGET	/	undefined
20230120	13:00:21	1ebe860a-dbaf-4156-a8c9-40955a03a9batGET	/	undefined
20230120	13:03:25	7f275cf7-b016-4e6d-98d7-9bc9f650e07dtGET	/	undefined
20230120	13:03:53	cbbed55b-ae08-45d8-b31a-6358988e20eatGET	/	undefined
20230120	13:03:53	6788016b-ce37-4a6d-9c8a-1a69ffe5ce59tGET	/css/style.css	undefined
20230120	13:10:34	b94bd004-a6ce-4c86-8166-2f051b71a4actGET	/	undefined
20230120	13:10:34	6f317a7f-877c-4d47-8bc9-6624a69bc8batGET	/css/style.css	undefined
20230120	13:10:51	a6946e3b-2975-42e6-87f9-d95f87ce46d4tGET	/	undefined
20230120	13:14:26	b8c91801-0e11-41ea-a59c-935fc1d0ba4ftOPTIONS	/	undefined
20230120	13:14:26	663fc7f9-81fb-4bd3-82cc-b952879de956tGET	/	undefined
20230120	13:27:30	72dd3897-8ddf-4230-9e4a-daf732397080tGET	/	undefined
20230120	13:28:09	dea3f99c-ae05-4180-9efc-a6a819114235tGET	/	undefined
20230120	13:29:59	fe025a6d-d685-4f67-a3a2-2ad11a2c97f2tGET	/	undefined
20230120	13:31:04	fa831382-9b7f-46c5-99d9-3e226633a53ftGET	/	undefined
20230120	13:31:06	9cce6d26-883d-4be8-ac92-585fa7e7ab87tGET	/	undefined
20230120	13:31:19	ff31c681-f20c-46ec-abc3-a2824ec796cdtGET	/	undefined
20230120	13:31:20	801659cb-06f4-42bd-a9fa-3292f120dc94tGET	/	undefined
20230120	13:31:20	27b5afcb-ad63-4d7d-a1c6-7411c5bed52ctGET	/	undefined
20230120	13:31:48	5d9badd2-871c-4a8e-8be5-d5e32444a3adtGET	/	undefined
20230120	13:31:49	21828270-2976-45bd-be54-5fcc9f5a12dbtGET	/	undefined
20230120	13:31:50	95181eed-3e99-43c6-9304-aa261ddd1dc5tGET	/	undefined
20230120	13:31:50	f5e18743-64fb-4db1-9063-505310a10fabtGET	/	undefined
20230120	13:31:51	4bc463ea-56d6-4faf-87f3-49704738f825tGET	/	undefined
20230120	13:31:51	2693dce5-d65d-4450-a993-527744e249catGET	/	undefined
20230120	13:31:51	d330efae-30f1-431a-9cc5-eeda6c9a96cftGET	/	undefined
20230120	13:35:02	524c5523-7103-481a-b047-294e72d034f4tGET	/	undefined
20230120	13:51:37	830c61d1-10be-43ae-b026-ab123a2407e5tGET	/	undefined
20230120	14:46:20	6bede6a0-338c-4ae2-8b7c-ad520de249b5tGET	/	undefined
20230120	14:47:02	a2bda1bc-ce2b-4e60-933a-4393d59226f2tGET	/	https://www.google.com
20230123	14:35:40	e5c1d7d4-46c6-4eb7-9232-4b2bbd56ae68tGET	/	undefined
20230123	14:35:48	52fbe62f-ded9-492f-af4e-ae852b245c4atGET	/	undefined
20230123	14:46:18	2e8c5f48-18ed-45dc-b540-5f82ef909537tGET	/	undefined
20230123	14:47:57	4c863e88-c8d2-4677-ac9c-e210226fcb85tGET	/	undefined
20230123	14:47:57	b2d237f0-c606-4d3b-973a-47a6c8d7a6dbtGET	/css/style.css	undefined
20230123	14:47:57	23971ac7-444a-481e-93f5-58d20358919ctGET	/favicon.ico	undefined
20230124	11:52:16	d10b69d4-585a-48cc-bce8-3d86f325db15tGET	/users	undefined
20230124	11:53:34	a8520d3c-2b22-4c38-b9ef-a2708edb49b4tGET	/users	undefined
20230124	11:54:05	fed3dd07-2aeb-4a6a-ae94-1a2382a1b8f6tGET	/	undefined
20230124	11:54:05	703dda8f-e9b8-448b-8af1-b2c3ff17a4d8tGET	/css/style.css	undefined
20230124	11:54:05	098d26eb-dc6d-4954-8006-c8f197e98938tGET	/favicon.ico	undefined
20230124	11:55:53	da8bee91-a447-4081-a44c-09a2bdba33d7tGET	/users	undefined
20230124	11:56:06	bcd33191-adff-489a-a8d8-dd98ca3ed6fctGET	/	undefined
20230124	11:56:14	a6999a50-92a6-4b22-9e5a-dde612dfe954tGET	/users	undefined
20230124	11:56:28	c2c1e5d2-3319-4131-8286-f8a4e63f6edctGET	/users	undefined
20230124	11:56:44	23cf8651-1d5c-4271-ba4f-11652352fc44tGET	/users	undefined
20230124	12:05:32	d4396e8b-bcc6-424c-9375-50f56fa7e762tGET	/users	undefined
20230124	12:21:22	cb22f3c6-58dc-4747-ab7c-76d0c2082493tGET	/	undefined
20230124	12:21:22	ce096dd1-9f77-4231-be20-96273423ec1btGET	/css/style.css	undefined
20230124	12:21:23	3a84a081-dc8a-4ae2-a3a8-7243db4d692btGET	/favicon.ico	undefined
20230124	12:21:35	2abd5770-67aa-4a6b-beec-8db09d02023atGET	/users	undefined
20230124	12:25:05	7b06a602-2f03-4993-b316-47f73aef8a7atPOST	/users	undefined
20230124	12:26:57	39576dca-e93b-4acf-a676-f581f0750e46tPOST	/users	undefined
20230124	12:27:56	d0a93566-ffc6-4ce7-83e9-695d3a3c15b6tPOST	/users	undefined
20230124	12:58:05	74d1faf4-07ab-4c9d-862f-351f91c5f6c4tPOST	/users	undefined
20230124	12:58:13	36df02a7-4760-4e22-862a-760e83c107a0tPOST	/users	undefined
20230124	12:58:23	c921a56b-931d-457d-81e1-317ea6c01a55tPOST	/users	undefined
20230124	13:03:08	5e9e2bf2-8d86-4d8f-ad1c-6da0619882eetPOST	/users	undefined
20230124	13:07:46	8a316aa2-673b-4bc2-8a2c-f8a3e006a793tPOST	/users	undefined
20230124	13:09:20	e67c4635-dc17-456b-adfd-da31ddfdb8cftPOST	/users	undefined
20230124	13:26:22	0a9e190f-bc99-40fd-84be-06d406b32c26tPOST	/users	undefined
20230124	13:31:47	892a3959-c793-4a52-91ea-8936a54ecc79tPOST	/users	undefined
20230124	13:31:51	a6599a41-498b-40db-9248-8cbf5e1ebdf3tPOST	/users	undefined
20230124	13:32:15	ed69c756-0893-43d1-8085-349141b9a734tPOST	/users	undefined
20230124	13:33:37	5cfceb3a-6ee5-40d8-9f32-34b382b9d28ctPOST	/users	undefined
20230124	13:33:50	1a97a453-86ee-4f08-bb2c-b1634eadea73tPOST	/users	undefined
20230124	13:34:25	171317c5-9686-4b0f-8352-e00a18326b21tGET	/users	undefined
20230124	13:58:39	5e8d2e2d-f6d7-4ebd-bb88-16f28bee1920tGET	/users	undefined
20230124	13:59:06	8eabcbef-5335-407b-94ff-56f0cab8d40etGET	/users	undefined
20230124	13:59:17	6729ee40-2987-43dd-b1e8-d5d3c66912e5tGET	/users	undefined
20230124	14:04:57	196b7ab7-e37b-4561-b0b4-beefda0d2c5atGET	/users	undefined
20230124	14:05:22	f2025564-8984-43b4-8b4a-986e65255c0ftGET	/users	undefined
20230124	14:06:38	ec597aad-b4ae-434e-a47c-2f3624798ba6tPOST	/users	undefined
20230124	14:06:43	a2629f7f-34f6-4938-944a-c4265b550b5atGET	/users	undefined
20230124	14:08:28	5ec28e9b-85b1-4f71-8418-7d4b609e0ae8tGET	/users	undefined
20230124	14:08:33	5f68c1ae-835d-43fa-a547-c8bb64f6862ftPOST	/users	undefined
20230124	14:08:50	95493602-8e91-49a2-9c47-3e8547286508tPOST	/users	undefined
20230124	14:08:54	513d43a6-8d63-48b4-a816-299ae5911054tPOST	/users	undefined
20230124	14:09:17	61d32856-e038-4141-8554-88103ea8dd0ftPOST	/users	undefined
20230124	14:09:22	42311d3c-ab56-4f36-9016-c475733be335tPOST	/users	undefined
20230124	14:09:44	64f78068-9c14-4572-bed6-3bee4183826ctPOST	/users	undefined
20230124	17:11:28	53127283-0ddc-44e7-b5b6-dd2ec13e2897tPOST	/users	undefined
20230124	17:11:35	d412e6f1-1631-49e9-9d34-a5f36beb976etGET	/users	undefined
20230125	09:24:19	e681bf89-686e-4601-8598-db7757752771tGET	/	undefined
20230125	09:24:19	e7c40bb0-548e-4d20-8c67-d0b6954a9a34tGET	/css/style.css	undefined
20230125	09:24:19	dc063cef-eb7c-40c8-a51c-71db482acc95tGET	/favicon.ico	undefined
20230125	10:31:31	c775826c-ae8f-4362-9c1d-7f780fe3aa73tPATCH	/users	undefined
20230125	10:31:46	731b4dd6-0357-47ab-8ea7-b346dd628081tPATCH	/users	undefined
20230125	10:32:38	59a32d9b-b239-4f32-a353-9ef071cd9796tPATCH	/users	undefined
20230125	10:32:51	42963341-ddf8-4bbd-9436-bbfbaeb0ea11tGET	/users	undefined
20230125	10:37:21	204f9206-f924-4bc1-b026-3893bf65f3a9tGET	/users	undefined
20230125	10:37:25	c52e6424-1099-4940-a9e4-1fdc6590df8etPATCH	/users	undefined
20230125	10:38:47	38c7ee06-7877-4dd2-80c5-7fc00a19d37ftPATCH	/users	undefined
20230125	10:39:21	d72ac4aa-eab1-490d-9079-a5b75192eab5tPATCH	/users	undefined
20230125	10:39:46	e72ab228-1980-461e-9703-afc5c15f1940tPATCH	/users	undefined
20230125	10:40:34	19be0393-5d2d-4223-a6ac-f04e32d7d0abtPATCH	/users	undefined
20230125	10:40:50	603983f3-3e4f-480a-b673-86fd9269c1e2tPATCH	/users	undefined
20230125	10:41:30	5f06d311-0793-41cc-adc8-4cab319c97f0tGET	/users	undefined
20230125	10:43:22	dcacf27c-c6b2-4d1d-8ca2-279b8cd6d80etPATCH	/users	undefined
20230125	10:43:29	24bff610-4db6-4893-ac87-ff201bd3b824tPATCH	/users	undefined
20230125	10:44:11	8aaac688-c1b8-45ea-9329-fdbe34befdeetPATCH	/users	undefined
20230125	10:44:45	1cd7a35b-3d12-4e33-933d-dd6790cfd32dtGET	/users	undefined
20230125	10:46:25	35381ca9-660e-45f8-bd5f-b0a0418f4f1btPOST	/users	undefined
20230125	10:46:35	4efaa0fb-04d2-4a1e-a7a4-74bfe72f1f9etGET	/users	undefined
20230125	10:46:57	091b3643-d140-4b41-b1fc-18267c72d6bftPATCH	/users	undefined
20230125	10:47:03	9f0a0363-c0ce-402a-93fa-dae4c3e5fb17tPATCH	/users	undefined
20230125	10:59:03	d5742909-e301-44f4-be89-cc2c8870e1f1tDELETE	/users	undefined
20230125	10:59:21	d0228f61-6afc-49ee-be54-8145c1075c5btDELETE	/users	undefined
20230125	10:59:36	128e0630-3081-4706-9e19-b282267d53a8tDELETE	/users	undefined
20230125	10:59:56	916f23b9-48cf-433c-910a-589655e44948tGET	/users	undefined
20230125	11:00:19	c0844913-9a7c-4adb-a3be-59acc761ea93tDELETE	/users	undefined
20230125	11:00:23	6d95d128-5a0c-476e-b0a1-915553bd95e4tGET	/users	undefined
20230125	11:00:49	2dc0a378-0337-46d5-a012-00a0c2cd812dtDELETE	/users	undefined
20230125	11:00:54	37caa236-83cf-4d22-92fd-6efa8425f15ctDELETE	/users	undefined
20230125	11:00:58	7077b8bd-c5b7-47b3-a4a7-66e5d18ba9c4tGET	/users	undefined
20230125	11:01:18	9d01eb5a-742e-4104-bfea-ed123ddeafaetDELETE	/users	undefined
20230125	11:01:21	151a0d56-913b-4bd3-8f21-8eda67802eb4tGET	/users	undefined
20230125	12:34:43	3c2150a0-03c3-4270-a6e0-373fe1512346tGET	/notes	undefined
20230125	12:34:55	f88f326d-5a2f-4988-8e19-e894cc156812tGET	/note	undefined
20230125	12:35:07	e04dca29-0c55-4f38-baa0-5a2289deedfatGET	/Note	undefined
20230125	12:35:25	2f58bdbd-cae4-4773-8a0f-5d5f09352bb1tGET	/note	undefined
20230125	12:48:32	8ea30d46-ddb8-4fdc-bcb7-a728d9d04ab8tGET	/note	undefined
20230125	12:48:37	629eaeee-bafa-49f5-8723-b35dd6c52ca2tGET	/notes	undefined
20230125	12:50:38	1999b211-200c-4a03-b5b9-9fb058b65922tPOST	/notes	undefined
20230125	12:51:05	dc8f444f-de29-4cda-bb75-02b63b95d5d9tPOST	/notes	undefined
20230125	12:51:25	68999aca-cc47-4786-bfcb-3ade87b8ff2etPOST	/notes	undefined
20230125	12:51:46	954b2996-42d4-447f-ba9b-f8cdee60d29atPOST	/notes	undefined
20230125	12:52:56	eb339610-cee0-4888-b9b5-d4b62cb30905tPOST	/notes	undefined
20230125	12:53:23	13dbcf81-c17d-4203-bdba-171c330b7fb0tPOST	/notes	undefined
20230125	12:53:45	721107a6-1929-4f69-b388-89696477acd8tPOST	/notes	undefined
20230125	12:55:00	24a18e39-1e66-41b2-bcf2-a87a55d84c8etPOST	/notes	undefined
20230125	12:55:16	375a5f66-eb23-4274-9515-fdd0e5b5c3c9tPOST	/notes	undefined
20230125	12:55:27	dd0715b5-67ef-4d97-9f87-f93baeb2067ftGET	/notes	undefined
20230125	12:55:40	1296c632-69dd-4069-a085-b08b4bd3c591tGET	/notes	undefined
20230125	12:56:00	6fa5306a-fa22-4ebe-a3c4-884f9626fa65tPOST	/users	undefined
20230125	12:57:29	7e3bacef-ddec-4514-aec1-30d26f7ade56tPOST	/users	undefined
20230125	12:57:32	9100e5c5-7a94-4170-9f0d-183a078c3e0dtGET	/users	undefined
20230125	12:57:41	c0666f1a-526a-4b8c-818d-30dc2eccfbd5tGET	/notes	undefined
20230125	12:58:58	04b07515-fb2d-4865-bec2-2dee9a10381ctGET	/user	undefined
20230125	12:59:02	9bdea1e1-7ec9-458a-84c2-a89c23d76005tGET	/users	undefined
20230125	12:59:37	0924284e-dae1-4762-8ecc-7208c4c60260tPOST	/notes	undefined
20230125	12:59:46	4dfb2d51-6eaa-41f5-be8c-ef650043e5eftPOST	/notes	undefined
20230125	12:59:57	9d23fbe2-3ae9-4a48-a434-78d75b078deatPOST	/notes	undefined
20230125	13:00:23	a31f28bb-849d-4f06-80c1-c9f5a0b010eftPOST	/notes	undefined
20230125	13:00:43	0e0c5e7c-d200-499a-86b2-79712639386btPOST	/notes	undefined
20230125	13:00:47	8c8a69b2-7cc0-473a-a1a5-2b205b9356f7tGET	/notes	undefined
20230125	13:00:57	f3f71d5c-23e6-4a5c-a3b3-898fa403324atGET	/notes	undefined
20230125	13:02:10	f6232d6f-b36a-4fbf-b80b-3ae8a8cfe163tPOST	/notes	undefined
20230125	13:02:17	cedb3f80-41aa-4d17-af3f-d18bc2f6a2a7tPOST	/notes	undefined
20230125	13:02:24	45be03d9-4b17-475b-812e-be05af7a77eatGET	/notes	undefined
20230125	13:10:56	06347a37-198c-4571-a9fe-1b05cf83839ftGET	/notes	undefined
20230125	13:24:41	6fc912f7-06e5-4575-bc60-9bf592185855tGET	/notes	undefined
20230125	13:25:00	a9b244ec-8011-4fb6-86ef-6581f4cb4f8btGET	/notes	undefined
20230125	13:25:22	1e60792e-262c-456d-9d1f-c7ec74decf65tGET	/notes	undefined
20230125	13:28:13	5a5818ac-85f3-4b5f-bfc6-c23193d5435atGET	/notes	undefined
20230125	13:28:29	b0282bed-25d3-44a7-a665-6969c2635105tGET	/notes	undefined
20230125	13:28:49	04ee8eed-77d5-4847-a8bd-efac3cd01e7atGET	/users	undefined
20230125	13:36:02	f97dd7f8-97cd-45b5-aa71-c03f2fbd9ccftPOST	/notes	undefined
20230125	13:36:25	e98ddd45-d94c-4319-b5ee-4211ad12b03atPOST	/notes	undefined
20230125	13:36:36	ac56aa55-9f79-4bcd-acf9-5c40895f0b38tPOST	/notes	undefined
20230125	13:36:42	85065d82-b9c4-47d8-bc07-b272e30fb5e3tPOST	/notes	undefined
20230125	13:37:28	e31f7877-01e2-41f4-b64b-2df61afeae4ctPOST	/notes	undefined
20230125	13:38:14	9bc44de2-8cf4-4634-bf6a-c996ca794ab4tPOST	/notes	undefined
20230125	13:38:23	8e09f8bb-515c-4888-ae61-01dd6a8594bdtPOST	/notes	undefined
20230125	13:38:53	7ef6c3b5-7cba-40e9-95b7-c4cb6c15c3eatPOST	/notes	undefined
20230125	13:39:48	c6b55469-f23a-4926-ac12-ff529d3c6ab5tPOST	/notes	undefined
20230125	13:40:16	f9cd6aa4-8646-4dc6-9291-76c7f3808be2tPOST	/notes	undefined
20230125	13:40:28	d3ae723b-62bd-4bd7-a238-6a58cb0b80f4tPOST	/notes	undefined
20230125	13:40:35	5ecbd86b-082d-46b2-926d-7df148de00a2tGET	/notes	undefined
20230125	13:40:40	f641ac15-8ab8-41e7-8c5f-383463f5cd90tGET	/notes	undefined
20230125	13:49:09	359254d8-2538-4d21-8629-38114d01a7d4tGET	/notes	undefined
20230125	13:56:24	cfd3c387-654c-4f14-afce-235362c8dd04tGET	/notes	undefined
20230125	13:56:58	38f68326-2a37-46f6-9a9d-28144cb2857ftGET	/users	undefined
20230125	13:57:21	744b267b-f81d-4240-ab77-92492a6e4dactPOST	/notes	undefined
20230125	13:57:54	be2ec95f-2e99-42f5-86c8-8e494947f5dbtPOST	/notes	undefined
20230125	13:58:05	3b96ddfd-4d66-4703-8b86-71a9c4757f7etGET	/notes	undefined
20230125	14:02:31	164b3492-56d2-4915-9037-ace44d38bfdatGET	/notes	undefined
20230125	14:03:40	fe4c8fd9-fde0-432a-b9c0-c046e90713b1tGET	/notes	undefined
20230125	14:04:04	131df877-3cd9-4a27-80fb-b4a70d3133a1tGET	/notes	undefined
20230125	14:05:06	7f5d2194-dfeb-4c18-ba20-88b201e74794tGET	/notes	undefined
20230125	14:05:28	5cb9e779-9263-44be-b8f2-5ca2db46130ftGET	/notes	undefined
20230125	14:05:43	5503929b-d569-4052-ae75-8e20bf6d6089tGET	/notes	undefined
20230125	14:09:28	11da2677-3edb-44f3-931f-f26d3bfe01f3tGET	/notes	undefined
20230125	14:09:43	d74e23a1-dc6c-4f91-8716-aa1458be6fedtGET	/notes	undefined
20230125	14:10:19	b0878b33-ad90-4a53-b229-4f91aa4687a7tGET	/users	undefined
20230125	14:12:37	9892b569-85fe-491f-9fc5-3edf96898b15tGET	/notes	undefined
20230125	14:14:46	9d1f486e-1a9a-4c64-bf26-b0d84731d9e7tGET	/notes	undefined
20230125	14:16:11	6a1aa6cc-9438-44b4-8b6f-247d3a3794e6tGET	/notes	undefined
20230126	09:58:02	fc5d20b3-f29a-4c56-8fbd-7ce100d22472tGET	/notes	undefined
20230126	09:58:18	39b66344-5aae-412f-ba20-631a9e5b6d9btGET	/users	undefined
20230126	09:59:05	05e93330-2813-400c-ac55-9f242a31c2d6tGET	/notes	undefined
20230126	09:59:14	3cc02660-a9c4-4a7f-a3a6-6efac2e01e3etGET	/notes	undefined
20230126	09:59:44	5e7b356d-3c16-47d4-bbf5-668f1b4bbd60tGET	/notes	undefined
20230131	14:43:58	1aef71e8-789f-4eee-b189-354bbd19102ftGET	/users	http://localhost:3000
20230131	16:48:26	7641eaac-22f6-4e95-8846-a58dc0d376d2tGET	/users	http://localhost:3000
20230131	16:54:56	ee9a96db-996d-4dd3-afb0-fc61eb393512tGET	/users	http://localhost:3000
20230131	16:55:58	230b796f-35db-47a0-b3dd-1f80f3b7e5fatGET	/users	http://localhost:3000
20230131	16:58:20	e345254b-c131-42b9-a4b4-f46d6df3d64ftGET	/users	http://localhost:3000
20230131	17:04:39	727b6644-ddf6-4a00-9217-f959aaaba901tGET	/users	http://localhost:3000
20230201	11:15:44	8c0794d4-1b66-4df8-a28d-85111b1354e4tGET	/user	undefined
20230201	11:15:57	77fda297-2344-4461-a8ef-0c7c937d86e8tGET	/users	undefined
20230201	11:16:40	5a56fe74-abbb-4a5b-adb9-537bf5b3b2ebtGET	/user	undefined
20230201	11:16:50	690c81f9-b6e9-4e9a-85bd-d24d0bba62ectGET	/users	http://localhost:3000
20230201	11:16:58	270d572b-43c8-4bb2-8842-3ede58dc4257tGET	/users	undefined
20230201	11:17:31	32bd6045-42bc-45ca-9516-20b8d3ecb5b3tGET	/users	http://localhost:3000
20230201	11:18:18	670e669c-90aa-46da-ae22-a37debbf1bd8tGET	/users	undefined
20230201	11:20:26	bbe4deb9-ee8f-4fdd-935a-f24aa3323d7atPOST	/users	undefined
20230201	11:20:31	d1275337-56f6-4183-a3e4-a176468bc915tGET	/users	undefined
20230201	11:21:06	96e33048-edd4-45be-8e1a-af5f9efe296etGET	/users	http://localhost:3000
20230201	11:22:57	9479633d-f6fb-4afc-a622-07da1f42db62tPOST	/notes	undefined
20230201	11:23:35	69f091cf-262b-43ba-b683-4baf42d69d8dtGET	/users	http://localhost:3000
20230201	11:24:46	6d6d9b4f-33f8-4f18-9f6c-97b5292dd530tPOST	/notes	undefined
20230201	11:25:30	2de96703-ba58-4209-a26d-7b7879878cedtPOST	/notes	undefined
20230201	11:25:40	49f51e72-7bf2-462b-aeab-0720fcf563a0tPOST	/notes	undefined
20230201	11:26:21	34962ea3-6b55-40e2-bc8b-2ece2be4d072tPOST	/notes	undefined
20230201	11:26:32	2565bf75-7ac3-4525-b0b9-c5ebefb71694tGET	/notes	undefined
20230201	11:38:01	b791f263-804f-4587-83a6-d0f8c02b527dtGET	/notes	undefined
20230201	11:57:47	dd89c10e-615a-4616-8f02-895219611e8btGET	/notes	undefined
20230201	11:57:52	38005ef1-09a6-41b3-8a4a-78bc7c375793tPOST	/notes	undefined
20230201	11:58:27	5c19af5b-ade4-43e2-a1b5-464c0ecf2f52tPOST	/notes	undefined
20230201	11:58:47	4147ea41-85df-4c2d-85cb-97c1adc8d921tGET	/notes	undefined
20230201	11:58:53	e05be030-095c-4bb7-9801-cac56827ac34tGET	/notes	undefined
20230201	11:59:08	c95fa081-1ec5-4985-b811-1b05256db188tGET	/notes	undefined
20230201	11:59:12	a19359ec-8553-41b5-9985-3af476043d75tGET	/notes	undefined
20230201	11:59:18	50ce9dd8-29c6-4fee-a0a0-463c7c62f752tPOST	/notes	undefined
20230201	12:03:24	a1745070-c53d-4d99-84ed-a9df5aa2d405tGET	/notes	undefined
20230201	12:05:08	cb5e6cf6-309c-4941-a4c7-49355d8bb2c1tGET	/notes	undefined
20230201	12:07:44	b6827003-64bc-4e1e-84ea-7203bf3a581etGET	/users	undefined
20230201	12:14:52	22be0354-b7ff-4d08-ac1f-2eabc97df2cbtGET	/users	undefined
20230201	12:14:59	388c40e7-2ed0-4277-8dd2-290617509175tGET	/notes	undefined
20230201	12:15:28	b705cc03-8cb3-440e-8686-48774fa5a155tGET	/notes	undefined
20230201	12:21:48	285afb61-d9a6-4e4c-a439-b1db67ff345atGET	/notes	undefined
20230201	12:22:08	bb8a55b6-4d52-46d8-9945-969ae1b835d8tGET	/notes	undefined
20230201	12:22:46	d1ef3d9b-57fc-42d0-a729-47367931d8datGET	/notes	undefined
20230201	12:23:14	c4e59397-cbe9-4fc1-b044-90c0fa300ce7tGET	/notes	undefined
20230201	12:23:44	ccc2df4f-3a1b-40f2-a4e5-1aa83a91907ctGET	/notes	undefined
20230201	12:25:00	9dc588cd-4d3b-41c1-9fcb-c36d6307d13ctGET	/users	http://localhost:3000
20230201	12:26:29	5eed0969-faff-4ee3-962a-071b2aeff3batGET	/users	http://localhost:3000
20230201	12:34:39	78d9147b-c845-4270-9126-bb8c5458d5f3tPOST	/notes	undefined
20230201	12:34:44	fa17c973-ab05-4df7-b049-bc6d105a7846tGET	/notes	undefined
20230201	12:36:02	e0e584f3-e7d2-4ca0-b6a7-6089878bf5b0tPOST	/notes	undefined
20230201	12:36:07	66e5929b-15ea-4492-838b-d622f28feafatGET	/notes	undefined
20230201	12:36:59	9adce8c4-9c91-4bd6-a73c-798a8a696fb7tGET	/users	undefined
20230201	12:39:37	518f9e20-99bc-40ad-b1f8-a4a8c85890batGET	/users	undefined
20230201	12:39:50	0f5e10d0-c211-44fc-a986-30fe2649dfd7tGET	/notes	undefined
20230201	12:40:29	56134917-facb-4628-80c1-871d92f2cfbftGET	/notes	undefined
20230201	12:40:47	46ff8700-7759-465f-9c14-0c69abb01a74tGET	/notes	undefined
20230201	12:42:15	e44779ed-b381-4dc2-b60a-b7b3ca8d8153tGET	/notes	undefined
20230201	12:42:37	9a49e3d5-6222-4d41-ab89-0991efbcd6f2tGET	/notes	undefined
20230201	12:43:00	048ecd1d-f7ff-49d2-b04c-e868bd8cdc82tGET	/notes	undefined
20230201	12:43:24	5d1869fb-dc74-4efe-ad86-a868fe42b120tGET	/notes	undefined
20230201	12:49:01	d6416c74-9687-4557-8562-24d602a2adfetGET	/notes	undefined
20230201	12:49:29	b19685a7-9b5b-4f56-bd70-606042451bb7tGET	/notes	undefined
20230201	12:51:18	fdfa0591-90ae-49b6-b01e-f43710a2fd71tGET	/notes	undefined
20230201	13:04:16	51297ba0-4a86-4cc9-b924-6742bec60fe7tGET	/users	undefined
20230201	13:05:25	1e50b9e6-1aae-46e4-9136-a8acf8b3db77tGET	/users	undefined
20230201	13:14:59	e23325d7-2b3d-4ad5-8ff8-53c179d74519tGET	/notes	undefined
20230201	13:15:21	4b0457c3-a099-4483-8386-ad659c69cd4btPOST	/notes	undefined
20230201	13:22:20	17a4588c-07f8-4dda-9048-96a1e6ef303ftGET	/notes	undefined
20230201	13:23:22	f007e006-b8ee-4ffc-90d0-fbbe5fbfd76ctGET	/notes	undefined
20230201	13:23:43	db4b026f-b690-4ffb-b6be-5693bb933c3ftGET	/notes	undefined
20230201	13:24:25	42bcc087-64af-450b-b9a8-af72abdf9719tGET	/notes	undefined
20230201	13:24:42	449de0a3-78de-4fb4-82e2-f826fcad4bddtGET	/notes	undefined
20230201	13:25:42	f4320317-977d-4246-ab93-657464600ff7tGET	/notes	undefined
20230201	13:26:18	5bb3f98b-0aa9-4dac-87c3-e60821b6d5d2tGET	/notes	undefined
20230201	13:26:30	a450f14c-b65a-4ad4-932a-a2544d8756a3tGET	/notes	undefined
20230201	13:26:48	9b046fb6-4e65-4d20-93aa-0d6b2ba1d85atGET	/notes	undefined
20230201	13:27:15	da57b178-6d89-486f-aa4e-ec37190aa634tGET	/notes	undefined
20230201	13:28:19	d7d67a92-ea63-4cdf-8305-7c35aa40a9c2tGET	/notes	undefined
20230201	13:28:36	3ff9e8ac-ecae-49af-b87a-f76277a16bectGET	/notes	undefined
20230201	13:28:51	e77d70a9-f3e3-46c7-b6ef-a85d33e93b76tGET	/notes	undefined
20230201	13:32:49	9602ab4b-588c-467b-b087-7d1158e8018atGET	/notes	undefined
20230201	13:33:32	38f59c51-3fcd-49b0-8803-ff7bea7851c4tGET	/notes	undefined
20230201	13:33:59	0969a6a7-a52a-4b24-8790-b5752fcfc9b3tGET	/notes	undefined
20230201	13:35:24	6cd22bc5-0e14-45a3-b6d8-5a32c5a339c3tGET	/notes	undefined
20230201	13:36:27	028d4761-3e56-4441-ae42-6f93551b9d9atGET	/notes	undefined
20230201	13:36:40	d1d404e2-b961-451c-acf1-d8e0bbe20d46tGET	/notes	undefined
20230201	13:38:19	a15ca535-f5e2-4cd0-921b-e6ea3e15e743tGET	/notes	undefined
20230201	13:39:17	3bafc96d-b950-49b5-8f52-a1380f23e029tGET	/notes	undefined
20230201	13:39:30	3166445f-d727-49f4-a658-c5952cdbed4etGET	/notes	undefined
20230201	13:40:57	c1a24a16-e1a9-49c7-b14d-94d94aec4db5tPOST	/notes	undefined
20230201	13:41:02	a9c5b6df-1a93-4259-af03-170b5ba24ae2tGET	/notes	undefined
20230201	13:41:32	4efa6be4-8062-45d3-8588-0ffe3446e00atGET	/users	undefined
20230201	13:43:04	dc75b21f-c9f9-4b1d-9705-00f65661ebe0tGET	/users	undefined
20230201	13:43:15	e7651a1c-d55d-4971-81cb-4c9a3a09d786tGET	/notes	undefined
20230201	13:44:28	04b2b9bc-efb2-4dfd-8f66-e01c4459da37tDELETE	/users	undefined
20230201	13:44:41	f555ddd4-6fe1-4e67-bb0c-8d5a8474f660tDELETE	/users	undefined
20230201	13:45:02	e84d24a5-000d-46b3-abfd-e194e9dd1754tDELETE	/note	undefined
20230201	13:45:04	539b79cf-27ff-4088-940c-30e69ed11809tDELETE	/notes	undefined
20230201	13:45:17	dce82299-69fb-4dac-a150-b0c0c6623289tGET	/notes	undefined
20230201	13:45:41	a5a24400-ff63-437c-9b29-7bde966b5a7dtDELETE	/notes	undefined
20230201	13:45:52	4dd6630c-ca5f-497e-a225-3a567b9afa26tGET	/notes	undefined
20230201	13:46:08	381e2a38-047c-42a1-8204-2d9de7fa573btGET	/notes	undefined
20230201	13:46:13	16bda9e9-0ed2-443a-bff9-83062f6fd38atDELETE	/notes	undefined
20230201	13:46:20	08224698-7efb-4fb0-bcb2-5fe58e0c125atGET	/notes	undefined
20230201	13:48:17	060927fa-d682-4d45-8c99-6c10b4d6b1e1tGET	/notes	undefined
20230201	13:49:58	179cc73d-43af-4f13-ac8e-dbc2ca149a94tPOST	/user	undefined
20230201	13:50:02	983b1a14-4d19-479f-9df3-786e381f207ctPOST	/users	undefined
20230201	13:50:08	4b0243ae-80fb-4164-93b1-3669f992d11atGET	/users	undefined
20230201	13:51:33	54bf3947-cb28-4b82-9e28-a0192ecf61f8tDELETE	/users	undefined
20230201	13:51:39	9ab50207-dede-471f-91d3-3bf6d9169212tGET	/users	undefined
20230201	13:51:52	4cd3ba31-e6de-4d15-b0cf-53851f1d3652tGET	/users	undefined
20230201	13:51:58	718fd4b2-a525-4256-b88d-5f91cc72966btDELETE	/users	undefined
20230201	13:52:19	332b5201-5016-43a9-9f70-6bce1d5c7ddftGET	/users	undefined
20230201	13:54:02	cbced8f5-6531-4721-8498-7151fa62a0dbtPOST	/notes	undefined
20230201	13:54:11	cd7a657e-f368-49aa-bf07-ee4e8e730700tPOST	/notes	undefined
20230201	13:54:30	37564a3b-9c68-43c8-817f-b69854b3bd30tPOST	/notes	undefined
20230201	13:54:33	ae74dd7f-c025-489f-8915-c431b5fe0148tPOST	/notes	undefined
20230201	13:54:36	c41d1b9f-fe10-4824-8932-984f47782707tGET	/notes	undefined
20230201	13:58:46	8465e61f-9a2b-409c-8cb4-cf13d9a82fadtGET	/users	http://localhost:3000
20230201	14:08:07	cea2d849-a5c5-4da7-bf6c-8f5ed6bff8f3tGET	/notes	http://localhost:3000
20230201	14:18:59	ea546c82-43bd-41d0-a115-634a497097d9tGET	/users	http://localhost:3000
20230201	14:19:02	21fb6262-f422-44f9-b5ad-9994fe565ea5tGET	/notes	http://localhost:3000
20230201	14:27:10	1a829309-0684-4a6d-acfa-98731dd56818tGET	/users	http://localhost:3000
20230201	14:27:17	59dd66fe-4fa0-4c24-a1a9-b676138a94d3tGET	/notes	http://localhost:3000
20230201	14:27:26	182b3cca-5d6d-477b-8ad6-ce839265bdb8tGET	/users	http://localhost:3000
20230217	14:48:27	d2dba144-cb4b-445a-b584-ee387741fc72tGET	/notes	http://localhost:3000
20230217	14:48:40	9ca82ee7-c9f3-417c-8198-3e9ce4fd724atGET	/users	http://localhost:3000
20230217	14:51:00	c89656ff-ea6b-4451-afa8-2ad08babd9eatGET	/users	http://localhost:3000
20230217	15:08:49	30c1da28-5ffc-47f5-a460-a5cb1eb67753tGET	/user	undefined
20230217	15:08:54	be8b27aa-e456-4d2b-b549-67fe7152de4ftGET	/user	undefined
20230217	15:09:01	1b90d03e-d44d-42c3-85dd-260cb70595fbtGET	/users	undefined
20230217	15:09:54	54832ea3-dee3-4324-9a7a-d85e0ed08860tPATCH	/users	undefined
20230217	15:10:04	86aae99d-d975-4ac6-8f78-aa80bd4cba88tGET	/users	undefined
20230217	15:10:28	029ee89f-72ad-4dfa-8773-433a78c83a81tPATCH	/users	undefined
20230217	15:10:36	f6187a16-ad24-45d7-aaab-1ce501cc7a58tGET	/users	undefined
20230217	15:11:22	08b1d094-c033-4ab5-b214-8e1136f354e3tPATCH	/users	undefined
20230217	15:11:43	6b8d2976-d4b4-490a-9528-e02676f91521tGET	/users	undefined
20230217	15:11:52	9e06aa26-a87f-4978-9a76-f1ed8bb70746tPATCH	/users	undefined
20230217	15:12:02	505aac75-6294-47c9-8c51-9d8ef8664e9ctGET	/users	undefined
20230217	15:12:08	10211477-7c99-4f92-8963-f699aba4dc58tGET	/users	http://localhost:3000
20230217	15:14:42	ca8bce61-02c8-49e2-846e-195c402c2665tGET	/users	http://localhost:3000
20230217	15:21:41	1e04f8c5-ff33-46c9-8a73-da9291fd3370tGET	/users	http://localhost:3000
20230217	15:30:46	f0a296d5-af8e-4c05-ac24-535d4924efc4tGET	/users	http://localhost:3000
20230217	15:34:16	c70e8486-f708-4d21-8fce-90653d0986cbtGET	/users	http://localhost:3000
20230217	15:40:49	2c23bcc2-073a-4fad-8864-a2647dfd7b6ftGET	/users	http://localhost:3000
20230220	14:19:59	93cb0dc4-d9ba-43b5-9b0d-7ec813fad542tGET	/notes	http://localhost:3000
20230220	14:20:11	4d58ac92-edfb-4656-9c08-50dfa23b8022tGET	/users	http://localhost:3000
20230220	14:20:20	06298c75-dd1b-4215-b2d9-4f19400a9dc6tGET	/users	http://localhost:3000
20230220	14:20:47	c7c960c9-b0b9-4734-930b-2d8a18b34168tGET	/users	http://localhost:3000
20230220	14:24:23	306f5d87-9990-46a1-9966-8e512cc09331tGET	/users	http://localhost:3000
20230220	14:28:10	08e375d8-478b-47ae-bdfd-c30136382494tGET	/users	http://localhost:3000
20230220	14:28:31	486f68fa-5aea-4f87-88b0-ee880ef992b4tGET	/users	http://localhost:3000
20230220	14:33:12	d3c8970e-930f-44d7-b170-377034b80438tGET	/users	http://localhost:3000
20230220	14:33:15	ac2b2b68-1f83-43bc-a481-05683e146e55tGET	/notes	http://localhost:3000
20230220	14:37:04	791375e9-5775-4053-bb6e-fe011b2ca395tGET	/users	http://localhost:3000
20230220	14:37:05	de6cf44b-fbfd-40c7-9f3e-c944d8547d2dtGET	/users	http://localhost:3000
20230220	14:41:57	7578ee66-972f-43c7-96bf-a47329c368fftGET	/users	http://localhost:3000
20230220	14:42:07	97ce84e7-2ac8-4f72-b633-e09c518f6b7atGET	/notes	http://localhost:3000
20230220	14:53:40	0b2efeab-3cb1-44b9-a032-baf5eae5abbatGET	/users	http://localhost:3000
20230220	14:56:42	c4debd62-333e-4377-ba48-1b438229dcd4tGET	/users	http://localhost:3000
20230220	14:59:18	42d0d3f0-df66-408d-b892-7b7c138b7ea3tGET	/users	http://localhost:3000
20230220	15:05:53	219078e0-1d1b-4fd3-bb0e-767f508daf48tGET	/users	http://localhost:3000
20230220	15:06:03	f9014355-f3d1-42ac-a1e6-822e3b5ccc7btGET	/notes	http://localhost:3000
20230220	15:07:58	ee328683-9929-4444-9e92-c88d98f0a0d8tGET	/users	http://localhost:3000
20230220	15:09:09	754756f0-8352-4e33-9b0c-90e72b815c54tGET	/users	http://localhost:3000
20230220	15:20:28	29d00f71-4d2f-44fc-b1c8-ca424d0643c7tGET	/users	http://localhost:3000
20230220	15:22:26	23cd3c54-ed93-4ac8-ad9d-72b18f51dfc2tGET	/users	http://localhost:3000
20230220	15:22:34	b0af38aa-f39d-447c-9de1-17f79837e178tGET	/users	http://localhost:3000
20230220	15:30:38	b1ed3a5a-981f-453d-b7f6-9bcb0515d532tGET	/users	http://localhost:3000
20230220	15:50:35	f01172b2-408e-46ae-b52e-807e48a4cb95tGET	/users	http://localhost:3000
20230220	15:51:59	8be0a62b-530e-4caf-bd44-5bf882b4754ftGET	/users	http://localhost:3000
20230220	15:52:04	f69f7547-eba1-4aa3-aed7-eb6fd83bc4f1tGET	/users	http://localhost:3000
20230220	15:53:20	88672ec3-56b7-49d0-bda5-847daaeb3228tGET	/users	http://localhost:3000
20230220	15:59:27	7ba41707-88ac-4e5c-b832-7ab0257b6f08tGET	/users	http://localhost:3000
20230220	15:59:30	05b48b76-abc1-4e23-b6cc-1e1140023453tGET	/users	http://localhost:3000
20230220	16:01:00	ed089a0e-bb34-4766-8df3-8ad4e22ddf65tGET	/users	http://localhost:3000
20230220	16:10:05	d1e65b91-9882-43aa-bf4d-5e020a60b63etGET	/users	http://localhost:3000
20230220	16:11:40	6150f95b-162c-4161-8b59-1dd9f628ccc8tGET	/users	http://localhost:3000
20230220	16:25:46	60a53371-92b0-4b6f-a324-e9ea822aa508tGET	/users	http://localhost:3000
20230220	16:25:46	63de680e-2fa0-4eca-bf9f-89826afa8916tGET	/notes	http://localhost:3000
20230220	16:26:30	dff34e7f-90b3-43b1-8da8-2233caf18b29tGET	/users	http://localhost:3000
20230220	16:26:30	6ad37fcf-00dd-42a7-85ac-5d6ce6715e61tGET	/notes	http://localhost:3000
20230220	16:26:46	2159e25c-2af7-4a3b-a56e-a07e9e94a7actGET	/users	http://localhost:3000
20230220	16:26:46	558e85d6-1863-41a4-b868-4345d120a8abtGET	/notes	http://localhost:3000
20230220	16:26:59	e2752f82-16ee-4fa8-bf05-105368b9db32tGET	/users	http://localhost:3000
20230220	16:26:59	7d10f44a-bf95-46ca-bff8-236e5ef57459tGET	/notes	http://localhost:3000
20230220	16:27:37	bd5c1961-631f-42ef-bad8-c8a1c2793fa6tGET	/notes	http://localhost:3000
20230220	16:27:37	315b8fa9-ca1c-4f78-9893-5c60bd56f865tGET	/users	http://localhost:3000
20230220	17:01:06	8fdf4339-92f6-42ff-94c6-929627a8744etGET	/users	http://localhost:3000
20230220	17:01:06	1b36829c-2707-402d-ad79-2e6a4c72c847tGET	/notes	http://localhost:3000
20230221	09:53:51	35db2ade-64e1-4cd1-8288-126f7be4624atGET	/notes	http://localhost:3000
20230221	09:53:51	ed69819f-7778-425d-afd3-8b4e89009d1dtGET	/users	http://localhost:3000
20230221	09:54:25	457ffa14-8ad8-4b2f-9e5c-a3ace651a7e8tGET	/users	http://localhost:3000
20230221	09:54:25	cc976e3e-ae68-4a50-9668-94c63df06093tGET	/notes	http://localhost:3000
20230221	09:55:57	f70bcc2a-35ea-4dae-95e9-04d2c1d89494tGET	/users	http://localhost:3000
20230221	09:55:57	4aee0ab5-374b-4cad-a38e-3732855a1da5tGET	/notes	http://localhost:3000
20230221	10:29:40	5b7bd752-6da0-45e8-8965-639fca615e7dtGET	/notes	http://localhost:3000
20230221	10:29:40	d211ef5b-ef4d-4dc5-97c1-c49b9c35eddetGET	/users	http://localhost:3000
20230221	12:09:36	c27c7ffe-2c5c-4c6a-8a5b-b467f33291d5tGET	/notes	http://localhost:3000
20230221	12:09:36	9137f092-cd2d-4359-ae56-789525ac7dd7tGET	/users	http://localhost:3000
20230221	12:10:01	e425b5d6-7f94-44f1-94a1-e909c09f6fe6tOPTIONS	/users	http://localhost:3000
20230221	12:10:01	1db650d5-8be1-4af1-8f90-8af4764952c3tPATCH	/users	http://localhost:3000
20230221	12:10:04	65f9a822-fe60-4b64-a3d5-bce226423ffctGET	/users	http://localhost:3000
20230221	12:10:04	99f24db1-0965-47b7-a9be-81053204c8bbtGET	/notes	http://localhost:3000
20230221	12:10:10	9720a45a-a9bc-4b6e-999d-7cc4fc492ca7tOPTIONS	/users	http://localhost:3000
20230221	12:10:10	ed6d0743-8577-4bb8-8161-ed98dc7804c7tPATCH	/users	http://localhost:3000
20230221	12:10:15	81fd9ecf-ce1c-4d8d-a69c-e0d208bf54fctGET	/users	http://localhost:3000
20230221	12:10:15	d1d96e38-e4d9-4478-9c8d-27a162252a78tGET	/notes	http://localhost:3000
20230221	12:13:13	dd98df5b-6579-489a-bdba-630b5713f6f2tOPTIONS	/users	http://localhost:3000
20230221	12:13:13	728e1563-2fcb-42fc-a94e-c701b903929dtPATCH	/users	http://localhost:3000
20230221	12:41:34	ca9b9c6b-3296-4f56-a23e-ca271bf14b16tOPTIONS	/users	http://localhost:3000
20230221	12:41:34	b1433679-2714-4f99-97c8-07957906c59atPATCH	/users	http://localhost:3000
20230221	12:41:34	d7fa3151-6200-49a0-aa9f-bc346a3bc6d9tGET	/users	http://localhost:3000
20230221	12:41:57	b2b5998e-4345-451c-8e63-10c49483d9d4tOPTIONS	/users	http://localhost:3000
20230221	12:41:57	c2997472-8c6d-4ca6-bfb6-056b73e595eftPATCH	/users	http://localhost:3000
20230221	12:41:57	7093112d-3475-4aae-ae3c-2822ded350catGET	/users	http://localhost:3000
20230221	12:42:57	3469e7c6-ffb9-4401-a287-164c5cc4f5cbtGET	/users	http://localhost:3000
20230221	12:43:34	be582924-b8fb-4792-a566-1d5969f41055tGET	/users	http://localhost:3000
20230221	12:43:34	d21a5032-b830-4b40-bc69-6dbac87a6804tGET	/notes	http://localhost:3000
20230221	12:43:47	7bb40495-1e62-46ef-b45a-510056d6cf4etGET	/notes	http://localhost:3000
20230221	12:43:47	0e8ca81a-e7a5-4bce-aaf8-8d36b1d896cbtGET	/users	http://localhost:3000
20230221	12:44:20	e22e6b59-6181-4149-9c70-fc30241bb4b6tOPTIONS	/users	http://localhost:3000
20230221	12:44:20	717b7158-0a78-4ab2-93cd-8993a2d4713etPOST	/users	http://localhost:3000
20230221	12:44:20	30fd4e88-3d81-49b1-bb9f-99781ee60e6atGET	/users	http://localhost:3000
20230221	12:45:21	6c9e3f1d-3df6-4b93-aae3-faa0c42c09d0tGET	/users	http://localhost:3000
20230221	12:46:21	31d536da-d55b-4626-a47a-df19cfc3be1dtGET	/users	http://localhost:3000
20230221	12:47:21	f060d928-5142-4a18-8645-55dd398665f8tGET	/users	http://localhost:3000
20230221	12:48:21	fa1054dc-09c4-4d38-9d2b-d819adfeb319tGET	/users	http://localhost:3000
20230221	12:49:21	4758ff1a-fd58-4b31-86d8-59bda7fe3bfetGET	/users	http://localhost:3000
20230221	12:50:21	acdbe990-ba23-4df1-8b62-12ed9ed8d593tGET	/users	http://localhost:3000
20230221	12:51:21	c14ba73f-5236-4e3f-b364-fff9a32ffaf9tGET	/users	http://localhost:3000
20230221	12:52:21	b77bd2f2-d1e6-45ab-8bf5-366f0355bad2tGET	/users	http://localhost:3000
20230221	12:53:22	9d641bc6-81a0-467b-ac5c-74a31b75c545tGET	/users	http://localhost:3000
20230221	12:54:22	e02b0b67-16a7-4aa5-a05f-c8e039ee6b3dtGET	/users	http://localhost:3000
20230221	12:55:23	eb9c08ee-a9c3-48d3-a818-79551cc20038tGET	/users	http://localhost:3000
20230221	12:56:24	b8e41807-2d20-47c0-9e79-c7250a65bb8ctGET	/users	http://localhost:3000
20230221	12:57:25	623185e9-0767-4508-8730-f475dce3a7f6tGET	/users	http://localhost:3000
20230221	12:58:25	09cce712-c6d0-43e5-9aae-8d346b8b3595tGET	/users	http://localhost:3000
20230221	12:59:26	bd47f09a-2ff1-4bf0-97a6-f28c6dbc223atGET	/users	http://localhost:3000
20230221	13:00:27	2dce9269-1b60-49b5-a8aa-7657614c3463tGET	/users	http://localhost:3000
20230221	13:01:28	ab420382-c5ec-4bc7-a01a-e3c992b5aaadtGET	/users	http://localhost:3000
20230221	13:02:28	d45b9b96-c9fd-4ccd-8d57-a3286d8bd019tGET	/users	http://localhost:3000
20230221	13:03:29	10bfc71a-665d-41ba-b826-dd93466203f3tGET	/users	http://localhost:3000
20230221	13:04:30	a077e5eb-9e0b-43ad-98e8-f5a8f3ead31etGET	/users	http://localhost:3000
20230221	13:05:31	661be6b3-42c4-454c-a8b6-b1659d0ba158tGET	/users	http://localhost:3000
20230221	13:06:43	6b9a5fb1-1638-4b42-ad1c-c1b4731bad34tGET	/users	http://localhost:3000
20230221	13:07:49	6ec18943-86f0-4eb0-a82e-aa9e8f4cb37btGET	/users	http://localhost:3000
20230221	13:10:28	fdf231b6-3137-499a-9b5f-dbd2a458905etGET	/users	http://localhost:3000
20230221	13:11:37	70f2aff7-52f3-4578-b99a-c31ef728adc5tGET	/users	http://localhost:3000
20230221	13:12:39	dcf15329-e8b9-40f5-9025-0e92e6f7c171tGET	/users	http://localhost:3000
20230221	13:14:10	a0950880-d2b1-40bd-b6b6-fc99adefd165tGET	/users	http://localhost:3000
20230221	13:15:14	ae7dde83-4bc2-44bf-aae3-d4356c46307btGET	/users	http://localhost:3000
20230221	13:16:15	cfe2ece8-13e8-4caf-bd76-b5d011112fa8tGET	/users	http://localhost:3000
20230221	13:17:49	f3e24af9-fb34-48ab-b7ec-e7606dee8fd7tGET	/users	http://localhost:3000
20230221	13:19:02	9cd61b6e-5c09-476a-8561-1f82d07e8a06tGET	/users	http://localhost:3000
20230221	13:20:05	992219e8-cc59-45fd-be32-199f1495455dtGET	/users	http://localhost:3000
20230221	13:21:43	467386ac-b2e9-4291-bd4d-7ed7cbbb6a8atGET	/users	http://localhost:3000
20230221	13:22:51	c373ff62-73ff-4aa5-b2ef-200ecd0b2965tGET	/users	http://localhost:3000
20230221	13:24:20	a6de65b6-578f-47c0-9461-54cf880ef621tGET	/users	http://localhost:3000
20230221	13:25:28	6dfb0658-b534-45d9-bf65-3eafa25176d7tGET	/users	http://localhost:3000
20230221	13:26:37	92bde642-a67b-41a0-a277-daf7faae331atGET	/users	http://localhost:3000
20230221	13:27:37	c392922b-85b9-42d1-80d1-c07b5eae17c6tGET	/users	http://localhost:3000
20230221	13:28:37	fdef4b64-0180-470f-9e09-ee3ba26042f3tGET	/users	http://localhost:3000
20230221	13:29:37	3b8da5e2-0567-4bc5-a264-369571355705tGET	/users	http://localhost:3000
20230221	13:30:37	e6d6f81d-7627-40d6-a22e-0842a2a9e7b2tGET	/users	http://localhost:3000
20230223	13:30:14	d54326a4-c183-4f83-81ab-8e3ab203ecebtGET	/notes	http://localhost:3000
20230223	13:30:14	caeb9d2b-bf41-4624-b1ea-9579d6f34098tGET	/users	http://localhost:3000
20230223	13:30:18	053a905f-a679-44da-92d3-49e0580e2014tGET	/users	http://localhost:3000
20230223	13:31:18	dfd10abf-ec7f-43f2-850d-99a62ff814catGET	/users	http://localhost:3000
20230223	14:11:55	a42c6f19-bf1d-4c6b-a505-239f35ed23e2tOPTIONS	/users	http://localhost:3000
20230223	14:11:55	47675abc-64ea-412c-8b9d-dbb40871581etPATCH	/users	http://localhost:3000
20230223	14:11:55	f97111af-f23e-4d7c-8031-c58cc7126c4ctGET	/users	http://localhost:3000
20230223	14:12:05	81fa00d8-08fe-48fb-a5a3-5388fc8caef6tOPTIONS	/users	http://localhost:3000
20230223	14:12:05	91c08846-dd1c-42f8-b7e3-923a0d9c1cf9tPATCH	/users	http://localhost:3000
20230223	14:12:06	48e5d875-ba30-4674-95d3-fa08feb05eb3tGET	/users	http://localhost:3000
20230223	14:12:24	bfd37958-5264-4b09-ba64-558be0ec71cbtOPTIONS	/users	http://localhost:3000
20230223	14:12:24	bdb6037c-61c5-4ae7-bb37-4bc449aea3adtPATCH	/users	http://localhost:3000
20230223	14:12:25	94e7105c-704b-4383-ab01-3c32373ea784tGET	/users	http://localhost:3000
20230223	14:12:59	02fe500e-2176-49f0-8b9a-fd0d3b3457bdtGET	/notes	http://localhost:3000
20230223	14:12:59	32b08a14-a8f3-43cf-9763-9a9c747dd4fatGET	/users	http://localhost:3000
20230223	14:13:27	138801b5-474d-46e5-933b-32e4c6b70113tGET	/users	http://localhost:3000
20230223	14:13:48	ee3b7827-06d3-4787-ab15-6b06faaf58f9tGET	/users	http://localhost:3000
20230223	14:13:51	59725a69-597b-4c20-bcbf-b840f80a3c35tOPTIONS	/users	http://localhost:3000
20230223	14:13:51	7aa8598d-8df2-4909-84a6-0a13fc4f2b03tDELETE	/users	http://localhost:3000
20230223	14:13:51	d2eb56fd-57c3-4001-b108-a5628a5990dftGET	/users	http://localhost:3000
20230223	14:14:51	c674c77e-6662-4935-abc9-dc01ff28f6bctGET	/users	http://localhost:3000
20230223	14:15:51	6c5555f0-6d74-4f03-9c17-29b68262c561tGET	/users	http://localhost:3000
20230223	14:16:51	70a9c075-b38d-4cdc-b6c6-9f918eb89b73tGET	/users	http://localhost:3000
20230223	14:17:51	efd509ca-ed15-40ef-9cbf-5aab5b48fabatGET	/users	http://localhost:3000
20230223	14:18:51	d8f9652d-112d-4887-b676-853a12a11c1atGET	/users	http://localhost:3000
20230223	14:19:51	66707fcf-0f49-417a-9c9a-eb95f2b2d551tGET	/users	http://localhost:3000
20230223	14:20:51	35437c1a-f67e-45f1-a693-709bdc1ffbb7tGET	/users	http://localhost:3000
20230223	14:21:51	e915cc9c-8404-4283-a73e-972a7e2c490ctGET	/users	http://localhost:3000
20230223	14:22:52	363c8462-1a1d-407b-ab22-8a1eda601522tGET	/users	http://localhost:3000
20230223	14:23:52	326d0e84-4aa1-4491-b1af-637000719c59tGET	/users	http://localhost:3000
20230223	14:24:52	ddc02b1a-5a1c-486f-84be-3635ed3b5214tGET	/users	http://localhost:3000
20230223	14:25:52	af186971-c544-48a5-a4fc-cb7a6e4b2067tGET	/users	http://localhost:3000
20230223	14:26:52	093eec64-49b3-48a2-b9b6-99e81243577dtGET	/users	http://localhost:3000
20230223	14:27:52	578de3f4-567c-43d7-ad6f-9b69c6592915tGET	/users	http://localhost:3000
20230223	14:28:52	d3f5ae19-2678-4d3a-858b-5620994ca7c1tGET	/users	http://localhost:3000
20230223	14:29:52	55f316cc-111f-4d2c-b9ee-dc51a37046bctGET	/users	http://localhost:3000
20230223	14:30:52	d7c30c3a-29da-4334-a914-bcf1176954d5tGET	/users	http://localhost:3000
20230223	14:31:52	59121d17-8cb3-4dc7-acc7-bfabadeaa974tGET	/users	http://localhost:3000
20230223	14:32:52	dd851644-2076-4c8c-ab5e-8ce5cd8f96a5tGET	/users	http://localhost:3000
20230223	14:33:52	2554e882-0611-4c3b-a83e-6c82aa9b1e20tGET	/users	http://localhost:3000
20230223	14:34:52	1fe1c4cb-f525-40a1-868a-1acd3383aebbtGET	/users	http://localhost:3000
20230223	14:35:52	099ce2a2-a9fa-408c-b378-fcd1e91ad5ddtGET	/users	http://localhost:3000
20230223	14:36:52	a9cb2bbf-7963-44ea-9e70-d6300b189c70tGET	/users	http://localhost:3000
20230223	14:37:52	49377bca-7248-4fa5-be0c-323addd5235atGET	/users	http://localhost:3000
20230223	14:38:52	07b4b94f-dd5d-49da-87a2-6f6f0f343a9ftGET	/users	http://localhost:3000
20230223	14:39:52	3fee8328-0e74-458d-b5e4-35885e68d777tGET	/users	http://localhost:3000
20230223	14:40:53	ae58c412-4400-48ff-83ee-0149aac45e16tGET	/users	http://localhost:3000
20230223	14:41:53	8902b849-2274-4116-9fbd-202686599fc8tGET	/users	http://localhost:3000
20230223	14:42:53	221ec1fa-24f4-4133-b627-f29af9acbc4ctGET	/users	http://localhost:3000
20230223	14:43:53	23aba0f9-7c1a-4dee-8bd1-798e57ef779dtGET	/users	http://localhost:3000
20230223	14:44:53	b3657ee6-9393-477e-9f25-4f789b878d8ftGET	/users	http://localhost:3000
20230223	14:45:53	a87fa48b-651b-48ea-922f-920074004be8tGET	/users	http://localhost:3000
20230223	14:46:53	787e89fe-668a-4299-8be0-6ae2dbfa5fa6tGET	/users	http://localhost:3000
20230223	14:47:53	197cb638-ef89-4088-b14b-8c5c37eac88ftGET	/users	http://localhost:3000
20230223	14:48:53	74d92600-7909-40cf-b3ea-8b1179afb57btGET	/users	http://localhost:3000
20230223	14:49:53	407df07f-6af6-4721-9b05-2383439c2b66tGET	/users	http://localhost:3000
20230223	14:50:53	a1b60b1f-1872-44fc-aaec-f25c9d1c0957tGET	/users	http://localhost:3000
20230223	14:51:53	f9c0797b-1b6e-4049-900f-e2c4a932c2f5tGET	/users	http://localhost:3000
20230223	14:52:53	c1431648-c4d0-4ccb-a3a7-fd0e388b4f1etGET	/users	http://localhost:3000
20230223	14:53:53	e3bf9925-3018-49b6-8edc-d366d484cd21tGET	/users	http://localhost:3000
20230223	14:54:53	85322c61-07c7-42d7-b204-9d0f912d62aetGET	/users	http://localhost:3000
20230223	14:55:53	372cf51f-32c3-4431-b25b-bc9dea9a427etGET	/users	http://localhost:3000
20230223	14:56:53	79fb41b2-15eb-44b9-9893-3076822ee993tGET	/users	http://localhost:3000
20230223	14:57:54	a7ee7bf0-4972-4fc4-87a0-d55e3b7e4e92tGET	/users	http://localhost:3000
20230223	14:58:40	76080b33-115e-465b-b70d-08af993e9bc8tGET	/users	http://localhost:3000
20230223	14:58:40	ae924493-be35-425e-8d1b-5e559396f2bbtGET	/notes	http://localhost:3000
20230223	14:59:41	c3e02278-6af0-4159-a3ab-12a9f2384e4etGET	/users	http://localhost:3000
20230223	15:00:41	6a45506c-245e-4256-8b2d-60d8897434e3tGET	/users	http://localhost:3000
20230223	15:01:41	1f6746e0-36ba-4fb9-8703-7cbdc50bb5a7tGET	/users	http://localhost:3000
20230223	15:02:41	1a90c8a2-5987-40e1-a8c0-b8e47e4dc563tGET	/users	http://localhost:3000
20230223	15:03:41	866f38cc-edd1-4d53-8875-20a149ec0d3ftGET	/users	http://localhost:3000
20230223	15:04:41	8252ac8c-5197-4779-b48c-ab23c6ac50abtGET	/users	http://localhost:3000
20230223	15:05:41	d3d2e80a-80c3-461f-93e5-acd60a651187tGET	/users	http://localhost:3000
20230223	15:06:41	1e356ed4-cf29-4dfa-9d34-1ad648f1abc9tGET	/users	http://localhost:3000
20230223	15:07:42	45975bc3-4a6c-42a2-a7d9-62398e9a9297tGET	/users	http://localhost:3000
20230223	15:08:42	308bef5d-4a37-48ca-8e84-5916d1288e46tGET	/users	http://localhost:3000
20230223	15:09:42	1ced3b10-ef14-4c9a-96c5-4f31d597bff7tGET	/users	http://localhost:3000
20230223	15:10:42	d742a7e7-4f75-4da9-9f3d-599c95f8e68etGET	/users	http://localhost:3000
20230223	15:11:42	de7cc99d-2786-4cf4-b6cd-21a611d7b1dbtGET	/users	http://localhost:3000
20230223	15:12:42	39819a69-df04-465f-9490-b2b7ded647datGET	/users	http://localhost:3000
20230223	15:13:42	74f6b8d1-98c9-4548-b617-e8cdd9fc62b2tGET	/users	http://localhost:3000
20230223	15:14:42	c1b5230b-7834-4e3d-a43a-bf26f04832d9tGET	/users	http://localhost:3000
20230223	15:15:42	29c03d5b-549c-4089-b458-f5d99465afd3tGET	/users	http://localhost:3000
20230223	15:16:42	afd291a3-48b6-4638-9aa9-5a074e2ef944tGET	/users	http://localhost:3000
20230223	15:17:42	ac75e815-b6f4-424c-a80b-7703857ca9d5tGET	/users	http://localhost:3000
20230223	15:18:42	1194f0bd-a005-47a6-8980-48d0a2fc5549tGET	/users	http://localhost:3000
20230223	15:19:42	1a0f9eb6-14fe-4845-9c12-b77cce3123d0tGET	/users	http://localhost:3000
20230223	15:20:42	9b1f886a-e86a-4326-a80c-c6787f5a7539tGET	/users	http://localhost:3000
20230223	15:21:42	c0e533c1-ef1e-41b0-9633-7058f4d38ac0tGET	/users	http://localhost:3000
20230223	15:22:42	b88a1a94-d08a-4740-a2c3-1e1edf5b6257tGET	/users	http://localhost:3000
20230223	15:23:42	37e84e68-123e-41c1-bfb4-c0aaf35b4fabtGET	/users	http://localhost:3000
20230223	15:24:43	c54522da-62e4-4ecf-bbf9-7fae36f8f0d4tGET	/users	http://localhost:3000
20230223	15:25:43	dde0925b-e44c-441f-8c5c-39c776fa2adatGET	/users	http://localhost:3000
20230223	15:26:43	41888d85-6008-4587-a402-a853ca4cd698tGET	/users	http://localhost:3000
20230223	15:27:43	dc56f7c9-6a94-425c-98e7-f3f55d6972d0tGET	/users	http://localhost:3000
20230223	15:28:43	6433f663-cd7c-480e-920f-6872e6397972tGET	/users	http://localhost:3000
20230223	15:29:43	3ee84efc-529d-43f0-ab77-f7954bd42c04tGET	/users	http://localhost:3000
20230223	15:30:43	58f1d28c-ff2a-48f3-96ba-b850c95337d6tGET	/users	http://localhost:3000
20230223	15:31:43	1f9d4b05-63c6-4266-80bc-562d4aa27837tGET	/users	http://localhost:3000
20230223	15:32:43	bc633e27-6411-4313-a6b8-82cabe48e836tGET	/users	http://localhost:3000
20230223	15:33:43	ae39d267-e1b8-43ba-a117-9c044cb74fc4tGET	/users	http://localhost:3000
20230223	15:34:43	ddfe78b6-e804-4134-a042-f1f457b73881tGET	/users	http://localhost:3000
20230223	15:35:43	0c1c359c-a377-480d-a39b-f6ce04bc7e65tGET	/users	http://localhost:3000
20230223	15:36:43	492a03b1-1f61-4f79-a68b-5cf6ff9d556atGET	/users	http://localhost:3000
20230223	15:37:43	2736f3ba-ec25-4694-af9d-65e89e40480btGET	/users	http://localhost:3000
20230223	15:38:43	2faffb5b-9bb6-4ce6-b0ac-f8803a534b75tGET	/users	http://localhost:3000
20230223	15:39:43	c9fc9879-e183-4cf6-a544-7ca2bfbae5eetGET	/users	http://localhost:3000
20230223	15:40:43	11d48ece-b12b-4443-9c42-7f61254ea215tGET	/users	http://localhost:3000
20230223	15:41:44	4a54905e-c7cc-439c-9bb7-1a12fe404714tGET	/users	http://localhost:3000
20230223	15:42:44	90ba7d76-c841-4a66-b440-586a3bf2429etGET	/users	http://localhost:3000
20230223	15:43:44	227e2366-40c4-42bc-8913-104215b27814tGET	/users	http://localhost:3000
20230223	15:44:44	1825da23-8f18-45d1-8582-69b988ef6be3tGET	/users	http://localhost:3000
20230223	15:45:44	85db0b76-f7c1-4755-a8df-eb73c8344850tGET	/users	http://localhost:3000
20230223	15:46:44	fe348e66-bbe8-4c64-8ff7-13cd32e64599tGET	/users	http://localhost:3000
20230223	15:47:44	16742ae2-99e5-46bf-a6ee-3d6e0b76dc2btGET	/users	http://localhost:3000
20230223	15:48:44	91e2ebfb-595b-4666-be48-b5e51f88ad5dtGET	/users	http://localhost:3000
20230223	15:49:44	48d2341c-f43e-4ff9-8cb0-990109f7324atGET	/users	http://localhost:3000
20230223	15:50:44	8defd29f-68db-42e3-a1c3-6a667ffd3646tGET	/users	http://localhost:3000
20230223	15:51:44	f13a8476-67fb-4120-a707-19b759a4d548tGET	/users	http://localhost:3000
20230223	15:52:44	884831e3-ef92-45e3-999f-0e4f42f21ef0tGET	/users	http://localhost:3000
20230223	15:53:44	3876cb59-689d-47a0-83d9-a8ed81d950a5tGET	/users	http://localhost:3000
20230223	15:54:44	3e158efb-bacf-41b6-8844-f9382dbdc4e3tGET	/users	http://localhost:3000
20230223	15:55:44	756878bd-24cc-4a51-bbff-48646e61694etGET	/users	http://localhost:3000
20230223	15:56:44	8d10f722-db04-4299-81ef-ecd581e7cffdtGET	/users	http://localhost:3000
20230223	15:57:44	f91d2c6a-c2f5-47b6-9443-2dd1a076f770tGET	/users	http://localhost:3000
20230223	15:58:45	c9d05810-6658-4925-aa46-d033dee0ef74tGET	/users	http://localhost:3000
20230223	15:59:45	4b00aed8-193e-4841-a2a6-f3a93c9a133atGET	/users	http://localhost:3000
20230223	16:00:45	53fccb4f-4852-4ae1-bb97-94034610514ftGET	/users	http://localhost:3000
20230223	16:01:45	f3c243de-af62-4bb6-b32b-09132f27d329tGET	/users	http://localhost:3000
20230223	16:02:45	c11980c2-b414-4cc9-9bee-35c62ec2e5c6tGET	/users	http://localhost:3000
20230223	16:03:45	86b93180-2c80-4d7c-9403-f28dfc7efd5btGET	/users	http://localhost:3000
20230223	16:04:45	bbb3dc61-8e60-405e-8e34-5c1bcfafc67dtGET	/users	http://localhost:3000
20230223	16:05:45	b92cef01-43d0-424e-9796-790865e57b76tGET	/users	http://localhost:3000
20230223	16:06:45	aa436d82-baea-43ac-979b-499f8b0d6fa2tGET	/users	http://localhost:3000
20230223	16:07:45	da82ff16-e237-4d17-9c99-31d13ea7164btGET	/users	http://localhost:3000
20230223	16:08:45	1b78f2c5-178a-47f3-b4d9-ec20470584a6tGET	/users	http://localhost:3000
20230223	16:09:45	df39e1b5-944b-48e7-8547-407c7a650a1ctGET	/users	http://localhost:3000
20230223	16:10:45	518d4926-437d-47f9-9e15-9b0f07c957c1tGET	/users	http://localhost:3000
20230223	16:11:45	e1e098f6-674b-4214-bf7c-d31df0a78267tGET	/users	http://localhost:3000
20230223	16:12:45	aef68119-e164-4233-8820-657c282cb21atGET	/users	http://localhost:3000
20230223	16:13:45	ba91275f-f6f2-4fa2-84dc-1c07b9ea69c9tGET	/users	http://localhost:3000
20230223	16:13:58	ec253d2a-7897-4b07-8efa-c71f67f9ab70tGET	/users	http://localhost:3000
20230223	16:14:01	cb5b1ae9-c449-4942-b466-805e4dbb7ed1tGET	/users	http://localhost:3000
20230223	16:14:01	a405162d-56e2-4577-906a-06f4f5f15060tGET	/notes	http://localhost:3000
20230223	16:14:06	3a8b4a38-1a57-4627-ae8d-9bbd67585b54tOPTIONS	/users	http://localhost:3000
20230223	16:14:06	f57b75aa-92fd-48e6-bcff-da46a8beae0atPATCH	/users	http://localhost:3000
20230223	16:14:06	4d82db6a-0275-419d-8c77-4909a79b576etGET	/users	http://localhost:3000
20230223	16:14:10	c68aec61-ff5d-453d-96a0-ba6a4e4fa43ftPATCH	/users	http://localhost:3000
20230223	16:14:10	9e55159d-7491-4bb5-8aaf-b9b393447443tGET	/users	http://localhost:3000
20230223	16:14:25	906eb54b-51b0-4386-aa41-28dcdc4d0155tGET	/users	http://localhost:3000
20230223	16:14:38	e0fef5b4-3eb6-43e9-ba21-c0acc279af4etGET	/users	http://localhost:3000
20230223	16:15:00	b09f0038-cf96-4635-b6b6-efad600327c3tGET	/users	http://localhost:3000
20230223	16:16:00	202dfa07-f8ee-43e0-9f83-8fcaebe2f64dtGET	/users	http://localhost:3000
20230223	16:17:00	140365b7-f6f2-41a7-9904-ecc3137cd0b6tGET	/users	http://localhost:3000
20230223	16:17:05	e231d2c7-9458-415d-9a09-a888c1fa7e49tGET	/users	http://localhost:3000
20230223	16:18:05	68b1ca61-50ff-4822-b11f-a66ba9c95d7ftGET	/users	http://localhost:3000
20230223	16:19:05	27dc5c0f-eebc-4706-8f7d-4dcf6570cc00tGET	/users	http://localhost:3000
20230223	16:20:05	766f5acd-400a-4343-b1d5-50a41635f050tGET	/users	http://localhost:3000
20230223	16:21:05	88a5dd03-876b-4406-a6f2-de167c6fa641tGET	/users	http://localhost:3000
20230223	16:22:05	e0e7c9b8-a3ae-47dd-9d1b-f8572d457f2ftGET	/users	http://localhost:3000
20230223	16:23:06	bcdd3e35-8480-4cf7-875a-ff82cd15f9d0tGET	/users	http://localhost:3000
20230223	16:24:06	90276bad-4139-44a2-a811-fd896bb70c19tGET	/users	http://localhost:3000
20230223	16:25:06	780bc7fc-84ee-4353-9235-1e8e54850b12tGET	/users	http://localhost:3000
20230223	16:26:06	355dc9a8-9db9-4455-926a-5a0010330a26tGET	/users	http://localhost:3000
20230223	16:27:06	e389335d-6f6f-4590-972e-bba926ffaf07tGET	/users	http://localhost:3000
20230223	16:28:06	3010efbd-e74b-4051-ba3c-48489656aa3dtGET	/users	http://localhost:3000
20230223	16:29:06	773b219a-5e7f-485b-ad0b-1ae53af78b14tGET	/users	http://localhost:3000
20230223	16:30:06	22b7b59a-8a60-44dc-81c2-8a3cfc6564batGET	/users	http://localhost:3000
20230223	16:31:06	b8dd3fec-8054-4184-8554-10d23c00b861tGET	/users	http://localhost:3000
20230223	16:32:06	60532d07-b76a-42be-b2d0-02323840cf43tGET	/users	http://localhost:3000
20230223	16:33:06	27ff8a7f-ef5f-4d43-88ba-cfdd38157837tGET	/users	http://localhost:3000
20230223	16:34:06	22d399a6-8f90-489b-8d6b-1e63fa2847bbtGET	/users	http://localhost:3000
20230223	16:35:06	94d40bfc-170a-42d1-bb52-44c19739a0b5tGET	/users	http://localhost:3000
20230223	16:36:06	fb8bee1c-6edf-43df-a4f0-46f8ddde8e8btGET	/users	http://localhost:3000
20230223	16:37:06	5a172a90-40db-4836-9d11-62eb44333ffctGET	/users	http://localhost:3000
20230223	16:38:06	7ec315c4-2b3b-49c3-b9d5-4d1a740831aftGET	/users	http://localhost:3000
20230223	16:39:06	f0152fdf-046e-433c-a94d-a05271ca25f5tGET	/users	http://localhost:3000
20230223	16:40:07	717ba835-adab-4f5d-944b-f1f5a6a5aa24tGET	/users	http://localhost:3000
20230223	16:41:07	22254bf3-5ead-4065-9e4b-c15fd566ebc1tGET	/users	http://localhost:3000
20230223	16:42:07	749670e7-1b19-4227-8883-a2dfb14d018ftGET	/users	http://localhost:3000
20230223	16:43:07	a9adbbc6-0d63-441e-99cd-2232160ce226tGET	/users	http://localhost:3000
20230223	16:44:07	c982d1cc-d3e3-4ac6-b8c7-ab34531488b1tGET	/users	http://localhost:3000
20230223	16:45:07	139eeb9e-4f58-4490-a03b-7cb9cfe83720tGET	/users	http://localhost:3000
20230223	16:46:07	45f0d559-376d-4beb-84d0-1bd8a84fbcf2tGET	/users	http://localhost:3000
20230223	16:47:07	20fbd863-9267-4d91-a44a-3cfcc327ee0btGET	/users	http://localhost:3000
20230223	16:48:07	7cfb578e-c13e-405e-b991-21ff0ab62880tGET	/users	http://localhost:3000
20230223	16:49:07	c2120c1a-1696-4c53-a0c7-295dc47d5b7ftGET	/users	http://localhost:3000
20230223	17:51:29	f30903b6-dc6b-46b6-add0-b9c371e685a9tGET	/users	http://localhost:3000
20230223	17:52:59	fcfe184f-9cca-4c4f-882a-c46c103c3808tGET	/users	http://localhost:3000
20230223	17:54:29	47c59d66-b552-4072-bdbb-19d531fa7382tGET	/users	http://localhost:3000
20230223	17:55:59	99c2d8ca-2256-4958-b68a-cd57dd7b356atGET	/users	http://localhost:3000
20230223	17:57:29	eb0b643f-9aaa-4acc-940c-afb8736d7d73tGET	/users	http://localhost:3000
20230223	17:58:59	adcc3e07-25d8-4b03-8cd2-43a23517be37tGET	/users	http://localhost:3000
20230223	18:00:29	6674856a-7e53-41d8-846a-b0489f01b212tGET	/users	http://localhost:3000
20230223	18:01:59	32ac6d01-c468-44b1-8aac-652857252c40tGET	/users	http://localhost:3000
20230223	18:03:29	c4ecae0d-40e7-4bbc-a73f-cd9e7486a5a4tGET	/users	http://localhost:3000
20230223	18:04:59	af207b3c-0a46-44a8-a235-996ab52fa69ctGET	/users	http://localhost:3000
20230223	18:06:29	0b81ade6-c5d8-4075-8d1f-15cd12e2ca0btGET	/users	http://localhost:3000
20230223	18:07:59	e7cc7f71-4685-400c-96e7-0be785346ba8tGET	/users	http://localhost:3000
20230223	18:09:29	43442a40-f502-475b-8d46-d3553ce3f564tGET	/users	http://localhost:3000
20230223	18:10:59	8bdd2916-d59b-43f2-94e2-a348c495b18btGET	/users	http://localhost:3000
20230223	18:12:29	5fbc533c-e79b-4296-b12d-94477b7ff935tGET	/users	http://localhost:3000
20230223	18:13:59	b83c9dbe-5bce-4364-afad-599f26bba3fetGET	/users	http://localhost:3000
20230223	18:15:30	ca478e1d-3102-4f3d-bcad-6ff9f65b5d47tGET	/users	http://localhost:3000
20230223	18:17:00	adb38392-661a-4c89-996f-2b548eff0709tGET	/users	http://localhost:3000
20230223	18:18:30	47928e62-2749-461a-ac99-e5fea5bb75c0tGET	/users	http://localhost:3000
20230223	18:20:00	359b8190-383e-4ea0-af15-108fbd083697tGET	/users	http://localhost:3000
20230223	18:21:30	26e1cdcb-667e-46e4-b545-6c16cb320102tGET	/users	http://localhost:3000
20230223	18:23:00	b9b3bb50-37f9-4162-8b5e-37e5056447datGET	/users	http://localhost:3000
20230223	18:24:30	f49a43ec-7e22-49a6-b685-3985c8f4bcfetGET	/users	http://localhost:3000
20230223	18:26:00	1efcb72d-857b-4534-988c-dab781308215tGET	/users	http://localhost:3000
20230223	18:27:30	b30ef299-05ef-4ce6-897a-30569c172e2btGET	/users	http://localhost:3000
20230223	18:29:00	e172b96a-7c77-4938-bd9f-ec65e4726bf1tGET	/users	http://localhost:3000
20230223	18:30:30	ee87430a-b750-4198-a8b5-f2f366398cc6tGET	/users	http://localhost:3000
20230223	18:32:00	5e599fc8-d8c8-49cf-99b3-852cbe8c07e3tGET	/users	http://localhost:3000
20230223	18:33:30	67c543dc-6539-479b-a372-4f5d140505c5tGET	/users	http://localhost:3000
20230223	18:35:00	78e1ee8a-2265-4d92-ac5a-17ea9ad34465tGET	/users	http://localhost:3000
20230223	18:36:30	ea5ba4ea-a24d-44e4-abf1-33b13fa48436tGET	/users	http://localhost:3000
20230223	18:38:00	65b805b7-2ab7-48f8-82a1-0298e8771106tGET	/users	http://localhost:3000
20230223	18:39:30	d13b111f-4fb9-4ad8-b3b2-85983d5bbfa6tGET	/users	http://localhost:3000
20230223	18:41:00	0213f49d-4ba5-42a1-be76-9de797214f8ftGET	/users	http://localhost:3000
20230223	18:42:30	14c7450e-2b4a-482d-ad21-43d85b6e194atGET	/users	http://localhost:3000
20230223	18:44:00	32211a33-60c0-497c-a69a-5f6c1610152dtGET	/users	http://localhost:3000
20230223	18:45:30	0377e819-8dc8-441c-98f2-88fe1f59000atGET	/users	http://localhost:3000
20230223	18:47:00	3ed6d1c1-c3b9-4cf8-b0b2-e64d88e75e75tGET	/users	http://localhost:3000
20230223	18:48:30	5ce0e21a-baa2-4077-a918-5a22afb5d729tGET	/users	http://localhost:3000
20230223	18:50:00	1097b25f-b2dd-4c81-a7f2-98a88f8483betGET	/users	http://localhost:3000
20230223	18:51:30	6061c8d6-2de7-40df-88ba-c56186b9e579tGET	/users	http://localhost:3000
20230223	18:53:00	7613d975-a58f-4ed5-904d-b2f27e9f4cfctGET	/users	http://localhost:3000
20230223	18:54:30	e5b420dc-7b9d-4a6f-9e27-686dca7fd262tGET	/users	http://localhost:3000
20230223	18:56:00	a5fcb280-2349-4212-aa62-8895b643c893tGET	/users	http://localhost:3000
20230223	18:57:30	7f5a1c46-4cb4-4969-82c7-f0267748ad06tGET	/users	http://localhost:3000
20230223	18:59:00	98855f13-502a-439a-a1e2-b7b2d9b0504dtGET	/users	http://localhost:3000
20230223	19:00:30	45c4f7c1-d34c-4be3-bb1e-938930d31fe6tGET	/users	http://localhost:3000
20230223	19:02:00	c738cb27-8122-4980-a11c-8ad1cd88c273tGET	/users	http://localhost:3000
20230223	19:03:30	ffc29957-855f-44ae-bfaf-f1b426a8ec40tGET	/users	http://localhost:3000
20230223	19:05:00	113b4241-22d3-49d5-92ae-65d8b03c28ddtGET	/users	http://localhost:3000
20230223	19:06:30	fcabeb1d-e808-4998-a952-9acb8fde6199tGET	/users	http://localhost:3000
20230223	19:08:00	09cae797-6e22-4aff-99e2-d4c1646277e5tGET	/users	http://localhost:3000
20230223	19:09:30	aef44016-e19b-49a9-a0a5-81aea2536110tGET	/users	http://localhost:3000
20230223	19:11:00	43529c61-3899-4232-82b3-b619d9bc9ec6tGET	/users	http://localhost:3000
20230223	19:12:30	57e56861-db3c-4753-90b9-d3f22dd61754tGET	/users	http://localhost:3000
20230223	19:14:00	2b86ccc6-5d1a-4781-b4a9-6a8339b928fdtGET	/users	http://localhost:3000
20230223	19:15:31	c16c7511-272b-4c27-8bed-6de4c3603618tGET	/users	http://localhost:3000
20230223	19:17:01	adadd84a-8d44-449a-9e19-554dda8b2f53tGET	/users	http://localhost:3000
20230223	19:18:31	9ea4b1fc-e0da-4b2c-91da-b01d3e32570etGET	/users	http://localhost:3000
20230223	19:20:01	5d9e62da-340f-4c47-9b3c-85b46b6f8f8atGET	/users	http://localhost:3000
20230223	19:21:31	ad045456-f1a5-4b2c-ba98-38790c0d2acetGET	/users	http://localhost:3000
20230223	19:23:01	cbc36d84-44db-41b9-829e-3d605c0990f9tGET	/users	http://localhost:3000
20230223	19:24:31	c7b43ddc-00d6-4100-a227-8e72087560betGET	/users	http://localhost:3000
20230223	19:26:01	6b46b903-249a-40f7-9263-b3a57946cba1tGET	/users	http://localhost:3000
20230223	19:27:31	f29d386f-598e-4a85-883d-81252a782142tGET	/users	http://localhost:3000
20230223	19:29:01	057ea1ed-a78b-44e2-9654-a50fe7d2c818tGET	/users	http://localhost:3000
20230223	19:30:31	3d45ccb1-48c2-4535-bc03-f84b90c5b742tGET	/users	http://localhost:3000
20230223	19:32:01	54eea88d-032c-457a-b6da-5d4a2ff6771dtGET	/users	http://localhost:3000
20230223	19:33:31	907208b4-4a13-4201-9f11-3482d4e58ecdtGET	/users	http://localhost:3000
20230223	19:35:01	55b65949-2aef-4a84-8bc5-f3f7b8bb09e6tGET	/users	http://localhost:3000
20230223	19:36:31	4cebbae0-4e76-4fd0-b57d-145e8cb874aatGET	/users	http://localhost:3000
20230223	19:38:01	936b092b-4581-4d93-9624-b8e4e626efb6tGET	/users	http://localhost:3000
20230223	19:39:31	53280de9-f83f-4643-94ed-cd393cb3b51ctGET	/users	http://localhost:3000
20230223	19:41:01	b080329e-59c8-4999-bcb3-47bc2b686dc2tGET	/users	http://localhost:3000
20230223	19:42:31	dabf187e-fe33-4be0-9b0b-ca7884babdc9tGET	/users	http://localhost:3000
20230223	19:44:01	a8015bf1-8190-444a-9dfe-21287564b84btGET	/users	http://localhost:3000
20230223	19:45:31	0ab52fc6-b339-4db8-85a0-a4c87048f9a7tGET	/users	http://localhost:3000
20230223	19:47:01	be61b962-67cf-4ba7-892e-27ce53a2d1f5tGET	/users	http://localhost:3000
20230223	19:48:31	d41eb8d6-be2e-4c7c-a0f3-f820e73b30e2tGET	/users	http://localhost:3000
20230223	19:50:01	895040e3-4efb-4a56-a939-3620dfb43d55tGET	/users	http://localhost:3000
20230223	19:51:31	b4baeaa9-14c0-4e5d-b450-5998a68da0fbtGET	/users	http://localhost:3000
20230223	19:53:01	b1dbb3c4-fcdb-4f3f-ba82-ddc042427c49tGET	/users	http://localhost:3000
20230223	19:54:31	44040bde-d99e-4e8e-a93d-0aff625fd650tGET	/users	http://localhost:3000
20230223	19:56:01	49d34a7b-8146-4b54-8f6c-f2a762debd96tGET	/users	http://localhost:3000
20230223	19:57:31	69d19a1b-5ce2-4bc9-862f-f0820fc9eed9tGET	/users	http://localhost:3000
20230223	19:59:01	2a84f95d-8a71-4448-96ef-880314569e34tGET	/users	http://localhost:3000
20230223	20:00:31	464339e5-494b-48ee-b287-bde0dc0b1a13tGET	/users	http://localhost:3000
20230223	20:02:01	302b0709-bc32-41e6-93f4-3e83dd4286e6tGET	/users	http://localhost:3000
20230223	20:03:31	8254150c-5ede-4f07-a80a-f1ceaa1bd61dtGET	/users	http://localhost:3000
20230223	20:05:01	2bf3d3b8-b514-4775-a03d-53e226456491tGET	/users	http://localhost:3000
20230223	20:06:31	f7824bc5-3c2e-40b5-ac88-c20be2bed6fetGET	/users	http://localhost:3000
20230223	20:08:01	d209d30c-0000-4342-a10c-549bdc809f01tGET	/users	http://localhost:3000
20230223	20:08:42	4222c32b-cb6f-4c45-ab88-c81475338a5ftGET	/users	http://localhost:3000
20230223	20:10:12	02fdcf90-80ed-415d-a99a-eb16f6b520e7tGET	/users	http://localhost:3000
20230223	20:11:42	2b9b7ab3-5529-46cd-9cc5-2b003ee0abdetGET	/users	http://localhost:3000
20230223	20:13:12	204b10b1-d30b-4682-95ff-f05846fb7872tGET	/users	http://localhost:3000
20230223	20:14:42	c1e7c6c2-38bc-41e8-8b38-011103129725tGET	/users	http://localhost:3000
20230223	20:16:12	cf88a4f1-dc44-418f-9a2b-05ea10781397tGET	/users	http://localhost:3000
20230223	20:17:42	6869af09-b8c2-4b84-a641-245b9ec0a510tGET	/users	http://localhost:3000
20230223	20:19:12	b89ae817-2349-4965-a521-8eb7f8d8f331tGET	/users	http://localhost:3000
20230223	20:20:42	72617667-04fe-4438-af24-dd55b2997664tGET	/users	http://localhost:3000
20230223	20:22:12	e6c3990f-8d1d-4958-b8d1-d135ed6f3608tGET	/users	http://localhost:3000
20230223	20:23:42	a9873d03-246e-480b-b337-5c6c4e89c2bbtGET	/users	http://localhost:3000
20230223	20:25:12	d4b89c22-2149-4f07-a97e-e144c4d5b6d9tGET	/users	http://localhost:3000
20230223	20:26:42	b4bbd517-8982-4d88-8e55-63a87429aa69tGET	/users	http://localhost:3000
20230223	20:28:12	8b066dc5-06bb-4ac8-b6bc-830ea537d1abtGET	/users	http://localhost:3000
20230223	20:29:42	fa34d992-556e-4bbc-b6a2-f9853ab18013tGET	/users	http://localhost:3000
20230223	20:31:12	901ede48-f6cd-4115-b0d6-11d0e6703d02tGET	/users	http://localhost:3000
20230223	20:32:42	bfe92828-23a0-4fc7-b9b5-0cb65ab4f798tGET	/users	http://localhost:3000
20230223	20:34:12	2f416017-f6c3-48f4-b308-9516c21c33abtGET	/users	http://localhost:3000
20230223	20:35:42	a62108fa-267b-4d93-a4c5-80ab10ea2ae7tGET	/users	http://localhost:3000
20230223	20:37:12	a232d3c7-526f-4f2f-90d3-ff6dd2c6dc8dtGET	/users	http://localhost:3000
20230223	20:38:42	e0983e28-61c7-4209-aab6-a659d210bd25tGET	/users	http://localhost:3000
20230223	20:40:12	4b77d7ab-daff-4bf6-a68e-fb82551a4e24tGET	/users	http://localhost:3000
20230223	20:41:42	004fe7f6-ebc3-477e-b987-c4e17e156ec1tGET	/users	http://localhost:3000
20230223	20:43:12	38302f00-f5f2-4173-ad6c-7f1dcbc3a286tGET	/users	http://localhost:3000
20230223	20:44:42	02aaacf3-8101-4d3d-bb08-3f1aa9cafd36tGET	/users	http://localhost:3000
20230223	20:46:12	8c98e436-c46d-4583-867b-75a868a34c20tGET	/users	http://localhost:3000
20230223	20:47:42	df1083b3-b80f-4965-af1c-5a3c3719de9etGET	/users	http://localhost:3000
20230223	20:49:13	054f1cf5-441a-454b-8d69-9648ad1e5c91tGET	/users	http://localhost:3000
20230223	20:50:43	8b6b9180-20f3-4202-a714-628205c8c2detGET	/users	http://localhost:3000
20230223	20:52:13	1f9ef35e-ab5f-47c1-9698-a34ba9a5fb88tGET	/users	http://localhost:3000
20230223	20:53:43	b4fc93be-4bac-4279-ac7a-b244f09be47btGET	/users	http://localhost:3000
20230223	20:55:13	9fee3509-197f-401d-be9b-d8a98f1987bdtGET	/users	http://localhost:3000
20230223	20:56:43	254beb43-232d-4b02-8804-1a2629dbdfd2tGET	/users	http://localhost:3000
20230223	20:58:13	f913561e-146e-46a2-a086-08387f10845ftGET	/users	http://localhost:3000
20230223	20:59:43	0461e109-2a6e-4310-b485-e12be935dc54tGET	/users	http://localhost:3000
20230223	21:01:13	f40d76bd-ae1d-4ca5-b728-0ff0b32d4297tGET	/users	http://localhost:3000
20230223	21:02:43	d0fc6fd8-e0c9-4620-8f1d-f98e2aa91cdetGET	/users	http://localhost:3000
20230223	21:04:13	f423a15b-7505-42b0-b869-bc0aa1c4799ftGET	/users	http://localhost:3000
20230223	21:05:43	78f4c41a-d2f2-49c7-836e-873b9ab851a5tGET	/users	http://localhost:3000
20230223	21:07:13	3cca26e4-31e4-4e81-ad6a-8d47236de805tGET	/users	http://localhost:3000
20230223	21:08:43	fd79e4b6-ec87-457b-ba64-148bae0b818ctGET	/users	http://localhost:3000
20230223	21:10:13	99fe6514-677d-4503-977a-0bc518fb2e70tGET	/users	http://localhost:3000
20230223	21:11:43	3e057278-f072-4203-bcf0-da59fc739b6btGET	/users	http://localhost:3000
20230223	21:13:13	88a30233-649e-48d7-8c77-4805c2298737tGET	/users	http://localhost:3000
20230223	21:14:34	3c2e158e-ddc9-49c1-a4ed-9afbb1bb6b4ctGET	/users	http://localhost:3000
20230223	21:16:02	80be34d7-b19e-4782-b494-76594da67a77tGET	/users	http://localhost:3000
20230223	21:17:32	84d50480-e668-4e3c-8e5a-78f0b97c5b23tGET	/users	http://localhost:3000
20230223	21:19:02	0861fdf7-65e1-47f1-9691-c15f56a1e5f1tGET	/users	http://localhost:3000
20230223	21:20:32	3f0a073b-bbf9-4b36-a4ff-a5524b3f06f6tGET	/users	http://localhost:3000
20230223	21:22:02	35f31706-4e85-4084-9a0e-bd3d32912f60tGET	/users	http://localhost:3000
20230223	21:23:32	44cc88e7-5dd2-4e8c-8a06-eecfe27b72f8tGET	/users	http://localhost:3000
20230223	21:25:02	713e86a7-6f2f-4d79-812e-fbd822bace65tGET	/users	http://localhost:3000
20230223	21:26:32	2b817642-9c25-4383-ad8f-b302b94d4d58tGET	/users	http://localhost:3000
20230223	21:28:02	42e6b6e0-1d25-4ce5-b79f-cc438e83cbc6tGET	/users	http://localhost:3000
20230223	21:29:32	8185bf1f-0e8e-4982-960a-164b27e692c1tGET	/users	http://localhost:3000
20230223	21:31:02	8bb28381-c4df-4af6-b245-4b73a6f6eabbtGET	/users	http://localhost:3000
20230223	21:32:32	80db2975-caac-4fb0-8a2e-e4b94b640ab8tGET	/users	http://localhost:3000
20230223	21:34:02	22550d2f-b2ac-4a76-8fff-e1f19a6c3514tGET	/users	http://localhost:3000
20230223	21:35:32	7dfbab7c-1750-49af-8daf-b160f2761e8ctGET	/users	http://localhost:3000
20230223	21:37:02	3f39c4c6-3147-4ec8-b3d9-66f353cce7cdtGET	/users	http://localhost:3000
20230223	21:38:32	37fde6f1-4419-41dc-8f5c-d9fb1263da94tGET	/users	http://localhost:3000
20230223	21:39:59	90ecad29-5d13-4106-b07a-5c0fb14b98f8tGET	/users	http://localhost:3000
20230223	21:41:29	90f3c13a-39a7-48b7-9623-a4161749fd26tGET	/users	http://localhost:3000
20230223	21:42:59	8b59c6f8-7e09-4b69-9dcc-e275ca9da7b8tGET	/users	http://localhost:3000
20230223	21:44:29	2ca71a88-6731-4bb3-b088-918fefe5bad3tGET	/users	http://localhost:3000
20230223	21:45:59	362b95d4-c11f-4a50-9ffa-4f83f305adeatGET	/users	http://localhost:3000
20230223	21:47:29	10be8df2-2c23-4a17-9a75-b4e3d52791c1tGET	/users	http://localhost:3000
20230223	21:49:00	db9eef29-06a0-46c8-b87f-8b82e49d695ctGET	/users	http://localhost:3000
20230223	21:50:30	8b3e50b7-c062-4933-8664-5903a1339371tGET	/users	http://localhost:3000
20230223	21:52:00	f064ddf3-0207-435d-b0d6-d630e89c9ba4tGET	/users	http://localhost:3000
20230223	21:53:30	9ed96025-e2df-4221-adaf-864db8006bcetGET	/users	http://localhost:3000
20230223	21:55:00	a966401f-a8dd-496b-9e66-35bbc97c3deetGET	/users	http://localhost:3000
20230223	21:56:30	16780043-fe15-4f84-b8e8-3603f0ac2054tGET	/users	http://localhost:3000
20230223	21:58:00	03d4a487-3a68-4ae4-833d-c00ee3d3ed35tGET	/users	http://localhost:3000
20230223	21:59:30	e8e924af-c2f5-4d31-a7a7-74ca96052ab3tGET	/users	http://localhost:3000
20230223	22:01:00	994b055e-f894-41a3-9b50-c1f52f646091tGET	/users	http://localhost:3000
20230223	22:02:30	5d8f87b4-4fbe-476f-813f-6d5b6f29679ctGET	/users	http://localhost:3000
20230223	22:04:00	12f961e3-41b3-4b9a-a0bc-41e3d0d8baectGET	/users	http://localhost:3000
20230223	22:05:30	09e47d0c-3de3-419a-837b-114916b4ce6dtGET	/users	http://localhost:3000
20230223	22:07:00	fe9db58d-a37c-411b-9811-583a06b40500tGET	/users	http://localhost:3000
20230223	22:08:30	5a626e06-a1f1-4bb9-be02-1b68e2a5b2d2tGET	/users	http://localhost:3000
20230223	22:10:00	5194217c-0661-445f-8f27-3e784f21d0d4tGET	/users	http://localhost:3000
20230223	22:11:30	153075b3-75b6-4032-a0fe-63162b00ef4ctGET	/users	http://localhost:3000
20230223	22:13:00	ee9be9da-36f0-4185-aa49-05397163f7b6tGET	/users	http://localhost:3000
20230223	22:14:30	c91ad392-bc0a-45be-ab53-7b7005840f50tGET	/users	http://localhost:3000
20230223	22:16:00	ae39266b-a0ad-4bdc-8b81-b29d478b919dtGET	/users	http://localhost:3000
20230223	22:17:30	5cbc6b2a-3f10-4e0d-8e93-2f7b65eb0377tGET	/users	http://localhost:3000
20230223	22:19:00	17390b00-173f-44ad-90f2-12252dbe5a69tGET	/users	http://localhost:3000
20230223	22:20:30	fcbf2429-0268-4b8d-b8a4-8fc745c16a61tGET	/users	http://localhost:3000
20230223	22:22:00	5861af97-a7a4-4937-9224-9daf9e730431tGET	/users	http://localhost:3000
20230223	22:23:30	ecce84c1-b1ac-4166-9ffd-4e064b19c799tGET	/users	http://localhost:3000
20230223	22:25:01	46683ee0-c3ab-4e01-ac49-11cdafa69982tGET	/users	http://localhost:3000
20230223	22:26:31	0c9e017d-e2c4-4c3d-8f0b-76456c24fce0tGET	/users	http://localhost:3000
20230223	22:28:01	9709b24b-f01c-4ddb-ba7c-298c62bd6faatGET	/users	http://localhost:3000
20230223	22:29:31	dcdadb4e-062f-4275-b4c1-9ca884fdc515tGET	/users	http://localhost:3000
20230223	22:31:01	70e0b087-51ea-4796-9e3d-bb491fcde64dtGET	/users	http://localhost:3000
